{"/Users/hifzhulramadhan/Documents/HK8/pase3/week3/wedding-planners/server/app.js": {"path":"/Users/hifzhulramadhan/Documents/HK8/pase3/week3/wedding-planners/server/app.js","statementMap":{"0":{"start":{"line":1,"column":0},"end":{"line":1,"column":27}},"1":{"start":{"line":2,"column":0},"end":{"line":4,"column":1}},"2":{"start":{"line":3,"column":4},"end":{"line":3,"column":31}},"3":{"start":{"line":6,"column":16},"end":{"line":6,"column":34}},"4":{"start":{"line":7,"column":13},"end":{"line":7,"column":28}},"5":{"start":{"line":8,"column":15},"end":{"line":8,"column":34}},"6":{"start":{"line":9,"column":22},"end":{"line":9,"column":59}},"7":{"start":{"line":10,"column":12},"end":{"line":10,"column":21}},"8":{"start":{"line":13,"column":0},"end":{"line":13,"column":16}},"9":{"start":{"line":14,"column":0},"end":{"line":14,"column":24}},"10":{"start":{"line":15,"column":0},"end":{"line":15,"column":49}},"11":{"start":{"line":17,"column":0},"end":{"line":17,"column":16}},"12":{"start":{"line":19,"column":0},"end":{"line":19,"column":23}},"13":{"start":{"line":25,"column":0},"end":{"line":25,"column":20}}},"fnMap":{},"branchMap":{"0":{"loc":{"start":{"line":2,"column":0},"end":{"line":4,"column":1}},"type":"if","locations":[{"start":{"line":2,"column":0},"end":{"line":4,"column":1}},{"start":{},"end":{}}],"line":2}},"s":{"0":1,"1":1,"2":1,"3":1,"4":1,"5":1,"6":1,"7":1,"8":1,"9":1,"10":1,"11":1,"12":1,"13":1},"f":{},"b":{"0":[1,0]},"_coverageSchema":"1a1c01bbd47fc00a2c39e90264f33305004495a9","hash":"55280070bb67c9cacccd6acdd0c98eb5833a5454"}
,"/Users/hifzhulramadhan/Documents/HK8/pase3/week3/wedding-planners/server/cotrollers/cartController.js": {"path":"/Users/hifzhulramadhan/Documents/HK8/pase3/week3/wedding-planners/server/cotrollers/cartController.js","statementMap":{"0":{"start":{"line":1,"column":55},"end":{"line":1,"column":75}},"1":{"start":{"line":6,"column":4},"end":{"line":28,"column":5}},"2":{"start":{"line":7,"column":19},"end":{"line":7,"column":37}},"3":{"start":{"line":8,"column":76},"end":{"line":8,"column":84}},"4":{"start":{"line":10,"column":21},"end":{"line":18,"column":8}},"5":{"start":{"line":20,"column":6},"end":{"line":25,"column":7}},"6":{"start":{"line":22,"column":8},"end":{"line":24,"column":11}},"7":{"start":{"line":27,"column":6},"end":{"line":27,"column":16}},"8":{"start":{"line":31,"column":4},"end":{"line":58,"column":5}},"9":{"start":{"line":32,"column":24},"end":{"line":32,"column":44}},"10":{"start":{"line":33,"column":21},"end":{"line":33,"column":39}},"11":{"start":{"line":34,"column":34},"end":{"line":34,"column":42}},"12":{"start":{"line":36,"column":19},"end":{"line":40,"column":8}},"13":{"start":{"line":41,"column":21},"end":{"line":49,"column":8}},"14":{"start":{"line":51,"column":6},"end":{"line":55,"column":7}},"15":{"start":{"line":52,"column":8},"end":{"line":54,"column":11}},"16":{"start":{"line":57,"column":6},"end":{"line":57,"column":16}},"17":{"start":{"line":62,"column":4},"end":{"line":80,"column":5}},"18":{"start":{"line":63,"column":19},"end":{"line":63,"column":37}},"19":{"start":{"line":64,"column":19},"end":{"line":73,"column":8}},"20":{"start":{"line":75,"column":6},"end":{"line":77,"column":7}},"21":{"start":{"line":76,"column":8},"end":{"line":76,"column":35}},"22":{"start":{"line":79,"column":6},"end":{"line":79,"column":16}},"23":{"start":{"line":84,"column":4},"end":{"line":113,"column":5}},"24":{"start":{"line":85,"column":25},"end":{"line":85,"column":35}},"25":{"start":{"line":86,"column":21},"end":{"line":86,"column":39}},"26":{"start":{"line":88,"column":19},"end":{"line":93,"column":8}},"27":{"start":{"line":95,"column":6},"end":{"line":99,"column":7}},"28":{"start":{"line":96,"column":8},"end":{"line":98,"column":10}},"29":{"start":{"line":101,"column":6},"end":{"line":106,"column":9}},"30":{"start":{"line":108,"column":6},"end":{"line":110,"column":9}},"31":{"start":{"line":112,"column":6},"end":{"line":112,"column":16}},"32":{"start":{"line":117,"column":4},"end":{"line":142,"column":5}},"33":{"start":{"line":118,"column":21},"end":{"line":118,"column":39}},"34":{"start":{"line":119,"column":19},"end":{"line":123,"column":8}},"35":{"start":{"line":125,"column":6},"end":{"line":129,"column":7}},"36":{"start":{"line":126,"column":8},"end":{"line":128,"column":10}},"37":{"start":{"line":131,"column":6},"end":{"line":135,"column":9}},"38":{"start":{"line":137,"column":6},"end":{"line":139,"column":9}},"39":{"start":{"line":141,"column":6},"end":{"line":141,"column":16}},"40":{"start":{"line":146,"column":0},"end":{"line":146,"column":33}}},"fnMap":{"0":{"name":"(anonymous_0)","decl":{"start":{"line":5,"column":2},"end":{"line":5,"column":3}},"loc":{"start":{"line":5,"column":41},"end":{"line":29,"column":3}},"line":5},"1":{"name":"(anonymous_1)","decl":{"start":{"line":30,"column":2},"end":{"line":30,"column":3}},"loc":{"start":{"line":30,"column":46},"end":{"line":59,"column":3}},"line":30},"2":{"name":"(anonymous_2)","decl":{"start":{"line":61,"column":2},"end":{"line":61,"column":3}},"loc":{"start":{"line":61,"column":39},"end":{"line":81,"column":3}},"line":61},"3":{"name":"(anonymous_3)","decl":{"start":{"line":83,"column":2},"end":{"line":83,"column":3}},"loc":{"start":{"line":83,"column":42},"end":{"line":114,"column":3}},"line":83},"4":{"name":"(anonymous_4)","decl":{"start":{"line":116,"column":2},"end":{"line":116,"column":3}},"loc":{"start":{"line":116,"column":45},"end":{"line":143,"column":3}},"line":116}},"branchMap":{"0":{"loc":{"start":{"line":20,"column":6},"end":{"line":25,"column":7}},"type":"if","locations":[{"start":{"line":20,"column":6},"end":{"line":25,"column":7}},{"start":{},"end":{}}],"line":20},"1":{"loc":{"start":{"line":51,"column":6},"end":{"line":55,"column":7}},"type":"if","locations":[{"start":{"line":51,"column":6},"end":{"line":55,"column":7}},{"start":{},"end":{}}],"line":51},"2":{"loc":{"start":{"line":75,"column":6},"end":{"line":77,"column":7}},"type":"if","locations":[{"start":{"line":75,"column":6},"end":{"line":77,"column":7}},{"start":{},"end":{}}],"line":75},"3":{"loc":{"start":{"line":95,"column":6},"end":{"line":99,"column":7}},"type":"if","locations":[{"start":{"line":95,"column":6},"end":{"line":99,"column":7}},{"start":{},"end":{}}],"line":95},"4":{"loc":{"start":{"line":125,"column":6},"end":{"line":129,"column":7}},"type":"if","locations":[{"start":{"line":125,"column":6},"end":{"line":129,"column":7}},{"start":{},"end":{}}],"line":125}},"s":{"0":1,"1":0,"2":0,"3":0,"4":0,"5":0,"6":0,"7":0,"8":0,"9":0,"10":0,"11":0,"12":0,"13":0,"14":0,"15":0,"16":0,"17":0,"18":0,"19":0,"20":0,"21":0,"22":0,"23":0,"24":0,"25":0,"26":0,"27":0,"28":0,"29":0,"30":0,"31":0,"32":0,"33":0,"34":0,"35":0,"36":0,"37":0,"38":0,"39":0,"40":1},"f":{"0":0,"1":0,"2":0,"3":0,"4":0},"b":{"0":[0,0],"1":[0,0],"2":[0,0],"3":[0,0],"4":[0,0]},"_coverageSchema":"1a1c01bbd47fc00a2c39e90264f33305004495a9","hash":"c97932d76bbe50ff1e7b950c165a193bc8c1bf2a"}
,"/Users/hifzhulramadhan/Documents/HK8/pase3/week3/wedding-planners/server/cotrollers/catheringController.js": {"path":"/Users/hifzhulramadhan/Documents/HK8/pase3/week3/wedding-planners/server/cotrollers/catheringController.js","statementMap":{"0":{"start":{"line":1,"column":22},"end":{"line":1,"column":42}},"1":{"start":{"line":2,"column":15},"end":{"line":2,"column":35}},"2":{"start":{"line":6,"column":4},"end":{"line":41,"column":5}},"3":{"start":{"line":7,"column":44},"end":{"line":7,"column":53}},"4":{"start":{"line":9,"column":18},"end":{"line":13,"column":7}},"5":{"start":{"line":14,"column":6},"end":{"line":21,"column":7}},"6":{"start":{"line":15,"column":8},"end":{"line":20,"column":10}},"7":{"start":{"line":22,"column":19},"end":{"line":22,"column":34}},"8":{"start":{"line":23,"column":6},"end":{"line":29,"column":7}},"9":{"start":{"line":24,"column":8},"end":{"line":28,"column":9}},"10":{"start":{"line":25,"column":10},"end":{"line":25,"column":37}},"11":{"start":{"line":26,"column":15},"end":{"line":28,"column":9}},"12":{"start":{"line":27,"column":10},"end":{"line":27,"column":38}},"13":{"start":{"line":30,"column":19},"end":{"line":33,"column":8}},"14":{"start":{"line":35,"column":6},"end":{"line":37,"column":7}},"15":{"start":{"line":36,"column":8},"end":{"line":36,"column":35}},"16":{"start":{"line":40,"column":6},"end":{"line":40,"column":16}},"17":{"start":{"line":44,"column":4},"end":{"line":57,"column":5}},"18":{"start":{"line":45,"column":21},"end":{"line":45,"column":31}},"19":{"start":{"line":46,"column":19},"end":{"line":46,"column":61}},"20":{"start":{"line":48,"column":6},"end":{"line":52,"column":7}},"21":{"start":{"line":49,"column":8},"end":{"line":51,"column":9}},"22":{"start":{"line":53,"column":6},"end":{"line":53,"column":33}},"23":{"start":{"line":56,"column":6},"end":{"line":56,"column":16}},"24":{"start":{"line":61,"column":0},"end":{"line":61,"column":37}}},"fnMap":{"0":{"name":"(anonymous_0)","decl":{"start":{"line":5,"column":2},"end":{"line":5,"column":3}},"loc":{"start":{"line":5,"column":47},"end":{"line":42,"column":3}},"line":5},"1":{"name":"(anonymous_1)","decl":{"start":{"line":43,"column":2},"end":{"line":43,"column":3}},"loc":{"start":{"line":43,"column":48},"end":{"line":58,"column":3}},"line":43}},"branchMap":{"0":{"loc":{"start":{"line":14,"column":6},"end":{"line":21,"column":7}},"type":"if","locations":[{"start":{"line":14,"column":6},"end":{"line":21,"column":7}},{"start":{},"end":{}}],"line":14},"1":{"loc":{"start":{"line":23,"column":6},"end":{"line":29,"column":7}},"type":"if","locations":[{"start":{"line":23,"column":6},"end":{"line":29,"column":7}},{"start":{},"end":{}}],"line":23},"2":{"loc":{"start":{"line":24,"column":8},"end":{"line":28,"column":9}},"type":"if","locations":[{"start":{"line":24,"column":8},"end":{"line":28,"column":9}},{"start":{"line":26,"column":15},"end":{"line":28,"column":9}}],"line":24},"3":{"loc":{"start":{"line":26,"column":15},"end":{"line":28,"column":9}},"type":"if","locations":[{"start":{"line":26,"column":15},"end":{"line":28,"column":9}},{"start":{},"end":{}}],"line":26},"4":{"loc":{"start":{"line":35,"column":6},"end":{"line":37,"column":7}},"type":"if","locations":[{"start":{"line":35,"column":6},"end":{"line":37,"column":7}},{"start":{},"end":{}}],"line":35},"5":{"loc":{"start":{"line":48,"column":6},"end":{"line":52,"column":7}},"type":"if","locations":[{"start":{"line":48,"column":6},"end":{"line":52,"column":7}},{"start":{},"end":{}}],"line":48}},"s":{"0":1,"1":1,"2":0,"3":0,"4":0,"5":0,"6":0,"7":0,"8":0,"9":0,"10":0,"11":0,"12":0,"13":0,"14":0,"15":0,"16":0,"17":0,"18":0,"19":0,"20":0,"21":0,"22":0,"23":0,"24":1},"f":{"0":0,"1":0},"b":{"0":[0,0],"1":[0,0],"2":[0,0],"3":[0,0],"4":[0,0],"5":[0,0]},"_coverageSchema":"1a1c01bbd47fc00a2c39e90264f33305004495a9","hash":"92064c30680cb16b019ec6974552d092e8fd1832"}
,"/Users/hifzhulramadhan/Documents/HK8/pase3/week3/wedding-planners/server/cotrollers/photographyController.js": {"path":"/Users/hifzhulramadhan/Documents/HK8/pase3/week3/wedding-planners/server/cotrollers/photographyController.js","statementMap":{"0":{"start":{"line":1,"column":24},"end":{"line":1,"column":44}},"1":{"start":{"line":2,"column":15},"end":{"line":2,"column":35}},"2":{"start":{"line":6,"column":4},"end":{"line":43,"column":5}},"3":{"start":{"line":7,"column":44},"end":{"line":7,"column":53}},"4":{"start":{"line":9,"column":18},"end":{"line":13,"column":7}},"5":{"start":{"line":14,"column":6},"end":{"line":21,"column":7}},"6":{"start":{"line":15,"column":8},"end":{"line":20,"column":10}},"7":{"start":{"line":22,"column":19},"end":{"line":22,"column":34}},"8":{"start":{"line":23,"column":6},"end":{"line":29,"column":7}},"9":{"start":{"line":24,"column":8},"end":{"line":28,"column":9}},"10":{"start":{"line":25,"column":10},"end":{"line":25,"column":37}},"11":{"start":{"line":26,"column":15},"end":{"line":28,"column":9}},"12":{"start":{"line":27,"column":10},"end":{"line":27,"column":38}},"13":{"start":{"line":31,"column":19},"end":{"line":35,"column":8}},"14":{"start":{"line":37,"column":6},"end":{"line":39,"column":7}},"15":{"start":{"line":38,"column":8},"end":{"line":38,"column":35}},"16":{"start":{"line":42,"column":6},"end":{"line":42,"column":16}},"17":{"start":{"line":46,"column":4},"end":{"line":60,"column":5}},"18":{"start":{"line":47,"column":21},"end":{"line":47,"column":31}},"19":{"start":{"line":48,"column":19},"end":{"line":48,"column":63}},"20":{"start":{"line":50,"column":6},"end":{"line":54,"column":7}},"21":{"start":{"line":51,"column":8},"end":{"line":53,"column":9}},"22":{"start":{"line":56,"column":6},"end":{"line":56,"column":33}},"23":{"start":{"line":59,"column":6},"end":{"line":59,"column":16}},"24":{"start":{"line":64,"column":0},"end":{"line":64,"column":39}}},"fnMap":{"0":{"name":"(anonymous_0)","decl":{"start":{"line":5,"column":2},"end":{"line":5,"column":3}},"loc":{"start":{"line":5,"column":51},"end":{"line":44,"column":3}},"line":5},"1":{"name":"(anonymous_1)","decl":{"start":{"line":45,"column":2},"end":{"line":45,"column":3}},"loc":{"start":{"line":45,"column":50},"end":{"line":61,"column":3}},"line":45}},"branchMap":{"0":{"loc":{"start":{"line":14,"column":6},"end":{"line":21,"column":7}},"type":"if","locations":[{"start":{"line":14,"column":6},"end":{"line":21,"column":7}},{"start":{},"end":{}}],"line":14},"1":{"loc":{"start":{"line":23,"column":6},"end":{"line":29,"column":7}},"type":"if","locations":[{"start":{"line":23,"column":6},"end":{"line":29,"column":7}},{"start":{},"end":{}}],"line":23},"2":{"loc":{"start":{"line":24,"column":8},"end":{"line":28,"column":9}},"type":"if","locations":[{"start":{"line":24,"column":8},"end":{"line":28,"column":9}},{"start":{"line":26,"column":15},"end":{"line":28,"column":9}}],"line":24},"3":{"loc":{"start":{"line":26,"column":15},"end":{"line":28,"column":9}},"type":"if","locations":[{"start":{"line":26,"column":15},"end":{"line":28,"column":9}},{"start":{},"end":{}}],"line":26},"4":{"loc":{"start":{"line":37,"column":6},"end":{"line":39,"column":7}},"type":"if","locations":[{"start":{"line":37,"column":6},"end":{"line":39,"column":7}},{"start":{},"end":{}}],"line":37},"5":{"loc":{"start":{"line":50,"column":6},"end":{"line":54,"column":7}},"type":"if","locations":[{"start":{"line":50,"column":6},"end":{"line":54,"column":7}},{"start":{},"end":{}}],"line":50}},"s":{"0":1,"1":1,"2":0,"3":0,"4":0,"5":0,"6":0,"7":0,"8":0,"9":0,"10":0,"11":0,"12":0,"13":0,"14":0,"15":0,"16":0,"17":0,"18":0,"19":0,"20":0,"21":0,"22":0,"23":0,"24":1},"f":{"0":0,"1":0},"b":{"0":[0,0],"1":[0,0],"2":[0,0],"3":[0,0],"4":[0,0],"5":[0,0]},"_coverageSchema":"1a1c01bbd47fc00a2c39e90264f33305004495a9","hash":"ef72c0aa91168ab75cfbd379478a9cd4f11e2c3b"}
,"/Users/hifzhulramadhan/Documents/HK8/pase3/week3/wedding-planners/server/cotrollers/productController.js": {"path":"/Users/hifzhulramadhan/Documents/HK8/pase3/week3/wedding-planners/server/cotrollers/productController.js","statementMap":{"0":{"start":{"line":1,"column":51},"end":{"line":1,"column":71}},"1":{"start":{"line":4,"column":4},"end":{"line":20,"column":5}},"2":{"start":{"line":5,"column":19},"end":{"line":12,"column":8}},"3":{"start":{"line":14,"column":6},"end":{"line":16,"column":7}},"4":{"start":{"line":15,"column":8},"end":{"line":15,"column":35}},"5":{"start":{"line":19,"column":6},"end":{"line":19,"column":16}},"6":{"start":{"line":23,"column":4},"end":{"line":42,"column":5}},"7":{"start":{"line":24,"column":21},"end":{"line":24,"column":31}},"8":{"start":{"line":25,"column":19},"end":{"line":32,"column":8}},"9":{"start":{"line":33,"column":6},"end":{"line":37,"column":7}},"10":{"start":{"line":34,"column":8},"end":{"line":36,"column":9}},"11":{"start":{"line":38,"column":6},"end":{"line":38,"column":33}},"12":{"start":{"line":41,"column":6},"end":{"line":41,"column":16}},"13":{"start":{"line":46,"column":0},"end":{"line":46,"column":35}}},"fnMap":{"0":{"name":"(anonymous_0)","decl":{"start":{"line":3,"column":2},"end":{"line":3,"column":3}},"loc":{"start":{"line":3,"column":46},"end":{"line":21,"column":3}},"line":3},"1":{"name":"(anonymous_1)","decl":{"start":{"line":22,"column":2},"end":{"line":22,"column":3}},"loc":{"start":{"line":22,"column":46},"end":{"line":43,"column":3}},"line":22}},"branchMap":{"0":{"loc":{"start":{"line":14,"column":6},"end":{"line":16,"column":7}},"type":"if","locations":[{"start":{"line":14,"column":6},"end":{"line":16,"column":7}},{"start":{},"end":{}}],"line":14},"1":{"loc":{"start":{"line":33,"column":6},"end":{"line":37,"column":7}},"type":"if","locations":[{"start":{"line":33,"column":6},"end":{"line":37,"column":7}},{"start":{},"end":{}}],"line":33}},"s":{"0":1,"1":0,"2":0,"3":0,"4":0,"5":0,"6":0,"7":0,"8":0,"9":0,"10":0,"11":0,"12":0,"13":1},"f":{"0":0,"1":0},"b":{"0":[0,0],"1":[0,0]},"_coverageSchema":"1a1c01bbd47fc00a2c39e90264f33305004495a9","hash":"46a870c5f8551c03c9bcf1c69b560cdeaf7feb80"}
,"/Users/hifzhulramadhan/Documents/HK8/pase3/week3/wedding-planners/server/cotrollers/transactionController.js": {"path":"/Users/hifzhulramadhan/Documents/HK8/pase3/week3/wedding-planners/server/cotrollers/transactionController.js","statementMap":{"0":{"start":{"line":1,"column":39},"end":{"line":1,"column":59}},"1":{"start":{"line":2,"column":15},"end":{"line":2,"column":37}},"2":{"start":{"line":3,"column":15},"end":{"line":6,"column":2}},"3":{"start":{"line":7,"column":20},"end":{"line":7,"column":26}},"4":{"start":{"line":8,"column":10},"end":{"line":8,"column":23}},"5":{"start":{"line":13,"column":4},"end":{"line":28,"column":5}},"6":{"start":{"line":14,"column":21},"end":{"line":14,"column":39}},"7":{"start":{"line":15,"column":19},"end":{"line":17,"column":8}},"8":{"start":{"line":19,"column":6},"end":{"line":23,"column":7}},"9":{"start":{"line":20,"column":8},"end":{"line":22,"column":9}},"10":{"start":{"line":24,"column":6},"end":{"line":24,"column":33}},"11":{"start":{"line":27,"column":6},"end":{"line":27,"column":16}},"12":{"start":{"line":31,"column":4},"end":{"line":41,"column":5}},"13":{"start":{"line":32,"column":21},"end":{"line":32,"column":31}},"14":{"start":{"line":34,"column":6},"end":{"line":34,"column":74}},"15":{"start":{"line":36,"column":6},"end":{"line":38,"column":9}},"16":{"start":{"line":40,"column":6},"end":{"line":40,"column":16}},"17":{"start":{"line":45,"column":4},"end":{"line":50,"column":7}},"18":{"start":{"line":54,"column":4},"end":{"line":76,"column":5}},"19":{"start":{"line":55,"column":38},"end":{"line":55,"column":46}},"20":{"start":{"line":56,"column":28},"end":{"line":56,"column":46}},"21":{"start":{"line":57,"column":19},"end":{"line":62,"column":8}},"22":{"start":{"line":64,"column":28},"end":{"line":64,"column":52}},"23":{"start":{"line":66,"column":6},"end":{"line":66,"column":84}},"24":{"start":{"line":68,"column":6},"end":{"line":72,"column":9}},"25":{"start":{"line":75,"column":6},"end":{"line":75,"column":16}},"26":{"start":{"line":80,"column":4},"end":{"line":89,"column":5}},"27":{"start":{"line":81,"column":19},"end":{"line":81,"column":43}},"28":{"start":{"line":82,"column":6},"end":{"line":86,"column":9}},"29":{"start":{"line":88,"column":6},"end":{"line":88,"column":15}},"30":{"start":{"line":93,"column":0},"end":{"line":93,"column":39}}},"fnMap":{"0":{"name":"(anonymous_0)","decl":{"start":{"line":12,"column":2},"end":{"line":12,"column":3}},"loc":{"start":{"line":12,"column":50},"end":{"line":29,"column":3}},"line":12},"1":{"name":"(anonymous_1)","decl":{"start":{"line":30,"column":2},"end":{"line":30,"column":3}},"loc":{"start":{"line":30,"column":55},"end":{"line":42,"column":3}},"line":30},"2":{"name":"(anonymous_2)","decl":{"start":{"line":43,"column":2},"end":{"line":43,"column":3}},"loc":{"start":{"line":43,"column":65},"end":{"line":51,"column":3}},"line":43},"3":{"name":"(anonymous_3)","decl":{"start":{"line":53,"column":2},"end":{"line":53,"column":3}},"loc":{"start":{"line":53,"column":39},"end":{"line":77,"column":3}},"line":53},"4":{"name":"(anonymous_4)","decl":{"start":{"line":79,"column":2},"end":{"line":79,"column":3}},"loc":{"start":{"line":79,"column":45},"end":{"line":90,"column":3}},"line":79}},"branchMap":{"0":{"loc":{"start":{"line":19,"column":6},"end":{"line":23,"column":7}},"type":"if","locations":[{"start":{"line":19,"column":6},"end":{"line":23,"column":7}},{"start":{},"end":{}}],"line":19}},"s":{"0":1,"1":1,"2":1,"3":1,"4":1,"5":0,"6":0,"7":0,"8":0,"9":0,"10":0,"11":0,"12":0,"13":0,"14":0,"15":0,"16":0,"17":0,"18":0,"19":0,"20":0,"21":0,"22":0,"23":0,"24":0,"25":0,"26":0,"27":0,"28":0,"29":0,"30":1},"f":{"0":0,"1":0,"2":0,"3":0,"4":0},"b":{"0":[0,0]},"_coverageSchema":"1a1c01bbd47fc00a2c39e90264f33305004495a9","hash":"6998854b57efd1b466c137e97130d62ea6fd62af"}
,"/Users/hifzhulramadhan/Documents/HK8/pase3/week3/wedding-planners/server/cotrollers/userControllers.js": {"path":"/Users/hifzhulramadhan/Documents/HK8/pase3/week3/wedding-planners/server/cotrollers/userControllers.js","statementMap":{"0":{"start":{"line":1,"column":28},"end":{"line":1,"column":56}},"1":{"start":{"line":2,"column":22},"end":{"line":2,"column":47}},"2":{"start":{"line":3,"column":17},"end":{"line":3,"column":37}},"3":{"start":{"line":6,"column":4},"end":{"line":21,"column":5}},"4":{"start":{"line":7,"column":67},"end":{"line":7,"column":75}},"5":{"start":{"line":8,"column":19},"end":{"line":14,"column":8}},"6":{"start":{"line":15,"column":6},"end":{"line":18,"column":9}},"7":{"start":{"line":20,"column":6},"end":{"line":20,"column":16}},"8":{"start":{"line":24,"column":4},"end":{"line":47,"column":5}},"9":{"start":{"line":25,"column":34},"end":{"line":25,"column":42}},"10":{"start":{"line":26,"column":6},"end":{"line":26,"column":60}},"11":{"start":{"line":26,"column":31},"end":{"line":26,"column":60}},"12":{"start":{"line":28,"column":19},"end":{"line":28,"column":66}},"13":{"start":{"line":29,"column":6},"end":{"line":29,"column":46}},"14":{"start":{"line":29,"column":17},"end":{"line":29,"column":46}},"15":{"start":{"line":31,"column":6},"end":{"line":32,"column":37}},"16":{"start":{"line":32,"column":8},"end":{"line":32,"column":37}},"17":{"start":{"line":34,"column":27},"end":{"line":38,"column":8}},"18":{"start":{"line":40,"column":6},"end":{"line":43,"column":9}},"19":{"start":{"line":46,"column":6},"end":{"line":46,"column":16}},"20":{"start":{"line":50,"column":4},"end":{"line":71,"column":5}},"21":{"start":{"line":51,"column":19},"end":{"line":51,"column":37}},"22":{"start":{"line":53,"column":19},"end":{"line":60,"column":8}},"23":{"start":{"line":61,"column":6},"end":{"line":65,"column":7}},"24":{"start":{"line":62,"column":8},"end":{"line":64,"column":9}},"25":{"start":{"line":67,"column":6},"end":{"line":67,"column":32}},"26":{"start":{"line":70,"column":6},"end":{"line":70,"column":15}},"27":{"start":{"line":74,"column":0},"end":{"line":74,"column":32}}},"fnMap":{"0":{"name":"(anonymous_0)","decl":{"start":{"line":5,"column":2},"end":{"line":5,"column":3}},"loc":{"start":{"line":5,"column":40},"end":{"line":22,"column":3}},"line":5},"1":{"name":"(anonymous_1)","decl":{"start":{"line":23,"column":2},"end":{"line":23,"column":3}},"loc":{"start":{"line":23,"column":37},"end":{"line":48,"column":3}},"line":23},"2":{"name":"(anonymous_2)","decl":{"start":{"line":49,"column":2},"end":{"line":49,"column":3}},"loc":{"start":{"line":49,"column":39},"end":{"line":72,"column":3}},"line":49}},"branchMap":{"0":{"loc":{"start":{"line":26,"column":6},"end":{"line":26,"column":60}},"type":"if","locations":[{"start":{"line":26,"column":6},"end":{"line":26,"column":60}},{"start":{},"end":{}}],"line":26},"1":{"loc":{"start":{"line":26,"column":10},"end":{"line":26,"column":29}},"type":"binary-expr","locations":[{"start":{"line":26,"column":10},"end":{"line":26,"column":16}},{"start":{"line":26,"column":20},"end":{"line":26,"column":29}}],"line":26},"2":{"loc":{"start":{"line":29,"column":6},"end":{"line":29,"column":46}},"type":"if","locations":[{"start":{"line":29,"column":6},"end":{"line":29,"column":46}},{"start":{},"end":{}}],"line":29},"3":{"loc":{"start":{"line":31,"column":6},"end":{"line":32,"column":37}},"type":"if","locations":[{"start":{"line":31,"column":6},"end":{"line":32,"column":37}},{"start":{},"end":{}}],"line":31},"4":{"loc":{"start":{"line":61,"column":6},"end":{"line":65,"column":7}},"type":"if","locations":[{"start":{"line":61,"column":6},"end":{"line":65,"column":7}},{"start":{},"end":{}}],"line":61}},"s":{"0":1,"1":1,"2":1,"3":8,"4":8,"5":8,"6":1,"7":7,"8":5,"9":5,"10":5,"11":2,"12":3,"13":3,"14":2,"15":1,"16":0,"17":1,"18":1,"19":4,"20":0,"21":0,"22":0,"23":0,"24":0,"25":0,"26":0,"27":1},"f":{"0":8,"1":5,"2":0},"b":{"0":[2,3],"1":[5,4],"2":[2,1],"3":[0,1],"4":[0,0]},"_coverageSchema":"1a1c01bbd47fc00a2c39e90264f33305004495a9","hash":"1b027867e006e1a731d77baf9ef893cb49a4a01c"}
,"/Users/hifzhulramadhan/Documents/HK8/pase3/week3/wedding-planners/server/cotrollers/venueControllers.js": {"path":"/Users/hifzhulramadhan/Documents/HK8/pase3/week3/wedding-planners/server/cotrollers/venueControllers.js","statementMap":{"0":{"start":{"line":1,"column":18},"end":{"line":1,"column":44}},"1":{"start":{"line":2,"column":15},"end":{"line":2,"column":35}},"2":{"start":{"line":7,"column":4},"end":{"line":50,"column":5}},"3":{"start":{"line":8,"column":54},"end":{"line":8,"column":63}},"4":{"start":{"line":10,"column":18},"end":{"line":14,"column":7}},"5":{"start":{"line":16,"column":6},"end":{"line":21,"column":7}},"6":{"start":{"line":17,"column":8},"end":{"line":20,"column":10}},"7":{"start":{"line":22,"column":6},"end":{"line":29,"column":7}},"8":{"start":{"line":23,"column":8},"end":{"line":28,"column":10}},"9":{"start":{"line":30,"column":19},"end":{"line":30,"column":34}},"10":{"start":{"line":31,"column":6},"end":{"line":37,"column":7}},"11":{"start":{"line":32,"column":8},"end":{"line":36,"column":9}},"12":{"start":{"line":33,"column":10},"end":{"line":33,"column":37}},"13":{"start":{"line":34,"column":14},"end":{"line":36,"column":9}},"14":{"start":{"line":35,"column":10},"end":{"line":35,"column":38}},"15":{"start":{"line":39,"column":19},"end":{"line":42,"column":8}},"16":{"start":{"line":44,"column":6},"end":{"line":46,"column":7}},"17":{"start":{"line":45,"column":8},"end":{"line":45,"column":34}},"18":{"start":{"line":49,"column":6},"end":{"line":49,"column":15}},"19":{"start":{"line":54,"column":4},"end":{"line":68,"column":5}},"20":{"start":{"line":55,"column":21},"end":{"line":55,"column":31}},"21":{"start":{"line":57,"column":19},"end":{"line":57,"column":57}},"22":{"start":{"line":59,"column":6},"end":{"line":63,"column":7}},"23":{"start":{"line":60,"column":8},"end":{"line":62,"column":9}},"24":{"start":{"line":65,"column":6},"end":{"line":65,"column":32}},"25":{"start":{"line":67,"column":6},"end":{"line":67,"column":15}},"26":{"start":{"line":72,"column":0},"end":{"line":72,"column":34}}},"fnMap":{"0":{"name":"(anonymous_0)","decl":{"start":{"line":6,"column":2},"end":{"line":6,"column":3}},"loc":{"start":{"line":6,"column":38},"end":{"line":51,"column":3}},"line":6},"1":{"name":"(anonymous_1)","decl":{"start":{"line":53,"column":2},"end":{"line":53,"column":3}},"loc":{"start":{"line":53,"column":41},"end":{"line":69,"column":3}},"line":53}},"branchMap":{"0":{"loc":{"start":{"line":16,"column":6},"end":{"line":21,"column":7}},"type":"if","locations":[{"start":{"line":16,"column":6},"end":{"line":21,"column":7}},{"start":{},"end":{}}],"line":16},"1":{"loc":{"start":{"line":22,"column":6},"end":{"line":29,"column":7}},"type":"if","locations":[{"start":{"line":22,"column":6},"end":{"line":29,"column":7}},{"start":{},"end":{}}],"line":22},"2":{"loc":{"start":{"line":31,"column":6},"end":{"line":37,"column":7}},"type":"if","locations":[{"start":{"line":31,"column":6},"end":{"line":37,"column":7}},{"start":{},"end":{}}],"line":31},"3":{"loc":{"start":{"line":32,"column":8},"end":{"line":36,"column":9}},"type":"if","locations":[{"start":{"line":32,"column":8},"end":{"line":36,"column":9}},{"start":{"line":34,"column":14},"end":{"line":36,"column":9}}],"line":32},"4":{"loc":{"start":{"line":34,"column":14},"end":{"line":36,"column":9}},"type":"if","locations":[{"start":{"line":34,"column":14},"end":{"line":36,"column":9}},{"start":{},"end":{}}],"line":34},"5":{"loc":{"start":{"line":44,"column":6},"end":{"line":46,"column":7}},"type":"if","locations":[{"start":{"line":44,"column":6},"end":{"line":46,"column":7}},{"start":{},"end":{}}],"line":44},"6":{"loc":{"start":{"line":59,"column":6},"end":{"line":63,"column":7}},"type":"if","locations":[{"start":{"line":59,"column":6},"end":{"line":63,"column":7}},{"start":{},"end":{}}],"line":59}},"s":{"0":1,"1":1,"2":0,"3":0,"4":0,"5":0,"6":0,"7":0,"8":0,"9":0,"10":0,"11":0,"12":0,"13":0,"14":0,"15":0,"16":0,"17":0,"18":0,"19":0,"20":0,"21":0,"22":0,"23":0,"24":0,"25":0,"26":1},"f":{"0":0,"1":0},"b":{"0":[0,0],"1":[0,0],"2":[0,0],"3":[0,0],"4":[0,0],"5":[0,0],"6":[0,0]},"_coverageSchema":"1a1c01bbd47fc00a2c39e90264f33305004495a9","hash":"53d89c74f275c96d88403a7cceecf60d578aa1cd"}
,"/Users/hifzhulramadhan/Documents/HK8/pase3/week3/wedding-planners/server/helpers/bcrypt.js": {"path":"/Users/hifzhulramadhan/Documents/HK8/pase3/week3/wedding-planners/server/helpers/bcrypt.js","statementMap":{"0":{"start":{"line":1,"column":15},"end":{"line":1,"column":32}},"1":{"start":{"line":3,"column":21},"end":{"line":6,"column":1}},"2":{"start":{"line":4,"column":15},"end":{"line":4,"column":37}},"3":{"start":{"line":5,"column":2},"end":{"line":5,"column":41}},"4":{"start":{"line":8,"column":24},"end":{"line":10,"column":1}},"5":{"start":{"line":9,"column":2},"end":{"line":9,"column":57}},"6":{"start":{"line":11,"column":0},"end":{"line":11,"column":51}}},"fnMap":{"0":{"name":"(anonymous_0)","decl":{"start":{"line":3,"column":21},"end":{"line":3,"column":22}},"loc":{"start":{"line":3,"column":35},"end":{"line":6,"column":1}},"line":3},"1":{"name":"(anonymous_1)","decl":{"start":{"line":8,"column":24},"end":{"line":8,"column":25}},"loc":{"start":{"line":8,"column":57},"end":{"line":10,"column":1}},"line":8}},"branchMap":{},"s":{"0":1,"1":1,"2":3,"3":3,"4":1,"5":1,"6":1},"f":{"0":3,"1":1},"b":{},"_coverageSchema":"1a1c01bbd47fc00a2c39e90264f33305004495a9","hash":"d28700ba4c5e8b20482a14981483852d2ae3629a"}
,"/Users/hifzhulramadhan/Documents/HK8/pase3/week3/wedding-planners/server/helpers/jwt.js": {"path":"/Users/hifzhulramadhan/Documents/HK8/pase3/week3/wedding-planners/server/helpers/jwt.js","statementMap":{"0":{"start":{"line":1,"column":12},"end":{"line":1,"column":35}},"1":{"start":{"line":2,"column":19},"end":{"line":2,"column":56}},"2":{"start":{"line":4,"column":18},"end":{"line":6,"column":1}},"3":{"start":{"line":5,"column":2},"end":{"line":5,"column":39}},"4":{"start":{"line":8,"column":20},"end":{"line":10,"column":1}},"5":{"start":{"line":9,"column":2},"end":{"line":9,"column":39}},"6":{"start":{"line":11,"column":0},"end":{"line":11,"column":44}}},"fnMap":{"0":{"name":"(anonymous_0)","decl":{"start":{"line":4,"column":18},"end":{"line":4,"column":19}},"loc":{"start":{"line":4,"column":31},"end":{"line":6,"column":1}},"line":4},"1":{"name":"(anonymous_1)","decl":{"start":{"line":8,"column":20},"end":{"line":8,"column":21}},"loc":{"start":{"line":8,"column":31},"end":{"line":10,"column":1}},"line":8}},"branchMap":{"0":{"loc":{"start":{"line":2,"column":19},"end":{"line":2,"column":56}},"type":"binary-expr","locations":[{"start":{"line":2,"column":19},"end":{"line":2,"column":41}},{"start":{"line":2,"column":45},"end":{"line":2,"column":56}}],"line":2}},"s":{"0":1,"1":1,"2":1,"3":1,"4":1,"5":0,"6":1},"f":{"0":1,"1":0},"b":{"0":[1,1]},"_coverageSchema":"1a1c01bbd47fc00a2c39e90264f33305004495a9","hash":"5b4a3761f838fe53dfc583cb4471e3d7dacbdaf1"}
,"/Users/hifzhulramadhan/Documents/HK8/pase3/week3/wedding-planners/server/lib/deleteDataTest.js": {"path":"/Users/hifzhulramadhan/Documents/HK8/pase3/week3/wedding-planners/server/lib/deleteDataTest.js","statementMap":{"0":{"start":{"line":1,"column":22},"end":{"line":1,"column":42}},"1":{"start":{"line":3,"column":19},"end":{"line":7,"column":1}},"2":{"start":{"line":4,"column":4},"end":{"line":6,"column":6}},"3":{"start":{"line":22,"column":0},"end":{"line":22,"column":29}}},"fnMap":{"0":{"name":"(anonymous_0)","decl":{"start":{"line":3,"column":19},"end":{"line":3,"column":20}},"loc":{"start":{"line":3,"column":31},"end":{"line":7,"column":1}},"line":3}},"branchMap":{},"s":{"0":1,"1":1,"2":1,"3":1},"f":{"0":1},"b":{},"_coverageSchema":"1a1c01bbd47fc00a2c39e90264f33305004495a9","hash":"915ae7c4530f82639b2d016e1a9e91e60ea1c4b5"}
,"/Users/hifzhulramadhan/Documents/HK8/pase3/week3/wedding-planners/server/middleware/authentication.js": {"path":"/Users/hifzhulramadhan/Documents/HK8/pase3/week3/wedding-planners/server/middleware/authentication.js","statementMap":{"0":{"start":{"line":1,"column":24},"end":{"line":1,"column":49}},"1":{"start":{"line":2,"column":17},"end":{"line":2,"column":43}},"2":{"start":{"line":5,"column":13},"end":{"line":29,"column":1}},"3":{"start":{"line":6,"column":2},"end":{"line":28,"column":3}},"4":{"start":{"line":7,"column":29},"end":{"line":7,"column":40}},"5":{"start":{"line":9,"column":4},"end":{"line":13,"column":5}},"6":{"start":{"line":10,"column":6},"end":{"line":12,"column":7}},"7":{"start":{"line":15,"column":20},"end":{"line":15,"column":45}},"8":{"start":{"line":16,"column":22},"end":{"line":16,"column":53}},"9":{"start":{"line":17,"column":4},"end":{"line":21,"column":5}},"10":{"start":{"line":18,"column":6},"end":{"line":20,"column":7}},"11":{"start":{"line":23,"column":4},"end":{"line":23,"column":32}},"12":{"start":{"line":25,"column":4},"end":{"line":25,"column":10}},"13":{"start":{"line":27,"column":4},"end":{"line":27,"column":13}},"14":{"start":{"line":31,"column":0},"end":{"line":31,"column":21}}},"fnMap":{"0":{"name":"(anonymous_0)","decl":{"start":{"line":5,"column":13},"end":{"line":5,"column":14}},"loc":{"start":{"line":5,"column":39},"end":{"line":29,"column":1}},"line":5}},"branchMap":{"0":{"loc":{"start":{"line":9,"column":4},"end":{"line":13,"column":5}},"type":"if","locations":[{"start":{"line":9,"column":4},"end":{"line":13,"column":5}},{"start":{},"end":{}}],"line":9},"1":{"loc":{"start":{"line":17,"column":4},"end":{"line":21,"column":5}},"type":"if","locations":[{"start":{"line":17,"column":4},"end":{"line":21,"column":5}},{"start":{},"end":{}}],"line":17}},"s":{"0":1,"1":1,"2":1,"3":0,"4":0,"5":0,"6":0,"7":0,"8":0,"9":0,"10":0,"11":0,"12":0,"13":0,"14":1},"f":{"0":0},"b":{"0":[0,0],"1":[0,0]},"_coverageSchema":"1a1c01bbd47fc00a2c39e90264f33305004495a9","hash":"a68a12ce324e6b8201ad8dc66ec87cfab0e3936d"}
,"/Users/hifzhulramadhan/Documents/HK8/pase3/week3/wedding-planners/server/middleware/errorHandling.js": {"path":"/Users/hifzhulramadhan/Documents/HK8/pase3/week3/wedding-planners/server/middleware/errorHandling.js","statementMap":{"0":{"start":{"line":1,"column":22},"end":{"line":87,"column":1}},"1":{"start":{"line":2,"column":2},"end":{"line":2,"column":41}},"2":{"start":{"line":3,"column":2},"end":{"line":86,"column":3}},"3":{"start":{"line":5,"column":20},"end":{"line":7,"column":8}},"4":{"start":{"line":6,"column":8},"end":{"line":6,"column":25}},"5":{"start":{"line":8,"column":6},"end":{"line":12,"column":7}},"6":{"start":{"line":9,"column":8},"end":{"line":9,"column":28}},"7":{"start":{"line":11,"column":8},"end":{"line":11,"column":28}},"8":{"start":{"line":13,"column":6},"end":{"line":15,"column":8}},"9":{"start":{"line":16,"column":6},"end":{"line":16,"column":12}},"10":{"start":{"line":19,"column":21},"end":{"line":21,"column":8}},"11":{"start":{"line":20,"column":8},"end":{"line":20,"column":25}},"12":{"start":{"line":22,"column":6},"end":{"line":26,"column":7}},"13":{"start":{"line":23,"column":8},"end":{"line":23,"column":30}},"14":{"start":{"line":25,"column":8},"end":{"line":25,"column":30}},"15":{"start":{"line":27,"column":6},"end":{"line":29,"column":8}},"16":{"start":{"line":30,"column":6},"end":{"line":30,"column":12}},"17":{"start":{"line":32,"column":6},"end":{"line":34,"column":9}},"18":{"start":{"line":35,"column":6},"end":{"line":35,"column":12}},"19":{"start":{"line":37,"column":6},"end":{"line":39,"column":8}},"20":{"start":{"line":40,"column":6},"end":{"line":40,"column":12}},"21":{"start":{"line":42,"column":6},"end":{"line":44,"column":8}},"22":{"start":{"line":45,"column":6},"end":{"line":45,"column":12}},"23":{"start":{"line":47,"column":6},"end":{"line":49,"column":9}},"24":{"start":{"line":50,"column":6},"end":{"line":50,"column":12}},"25":{"start":{"line":52,"column":6},"end":{"line":54,"column":9}},"26":{"start":{"line":55,"column":6},"end":{"line":55,"column":12}},"27":{"start":{"line":57,"column":6},"end":{"line":59,"column":9}},"28":{"start":{"line":60,"column":6},"end":{"line":60,"column":12}},"29":{"start":{"line":62,"column":6},"end":{"line":64,"column":9}},"30":{"start":{"line":65,"column":6},"end":{"line":65,"column":12}},"31":{"start":{"line":67,"column":6},"end":{"line":69,"column":9}},"32":{"start":{"line":70,"column":6},"end":{"line":70,"column":12}},"33":{"start":{"line":72,"column":6},"end":{"line":74,"column":9}},"34":{"start":{"line":75,"column":6},"end":{"line":75,"column":12}},"35":{"start":{"line":77,"column":6},"end":{"line":79,"column":9}},"36":{"start":{"line":80,"column":6},"end":{"line":80,"column":12}},"37":{"start":{"line":82,"column":6},"end":{"line":84,"column":9}},"38":{"start":{"line":85,"column":6},"end":{"line":85,"column":12}},"39":{"start":{"line":89,"column":0},"end":{"line":89,"column":31}}},"fnMap":{"0":{"name":"(anonymous_0)","decl":{"start":{"line":1,"column":22},"end":{"line":1,"column":23}},"loc":{"start":{"line":1,"column":53},"end":{"line":87,"column":1}},"line":1},"1":{"name":"(anonymous_1)","decl":{"start":{"line":5,"column":35},"end":{"line":5,"column":36}},"loc":{"start":{"line":5,"column":43},"end":{"line":7,"column":7}},"line":5},"2":{"name":"(anonymous_2)","decl":{"start":{"line":19,"column":36},"end":{"line":19,"column":37}},"loc":{"start":{"line":19,"column":44},"end":{"line":21,"column":7}},"line":19}},"branchMap":{"0":{"loc":{"start":{"line":3,"column":2},"end":{"line":86,"column":3}},"type":"switch","locations":[{"start":{"line":4,"column":4},"end":{"line":16,"column":12}},{"start":{"line":18,"column":4},"end":{"line":30,"column":12}},{"start":{"line":31,"column":4},"end":{"line":35,"column":12}},{"start":{"line":36,"column":4},"end":{"line":40,"column":12}},{"start":{"line":41,"column":4},"end":{"line":45,"column":12}},{"start":{"line":46,"column":4},"end":{"line":50,"column":12}},{"start":{"line":51,"column":4},"end":{"line":55,"column":12}},{"start":{"line":56,"column":4},"end":{"line":60,"column":12}},{"start":{"line":61,"column":4},"end":{"line":65,"column":12}},{"start":{"line":66,"column":4},"end":{"line":70,"column":12}},{"start":{"line":71,"column":4},"end":{"line":75,"column":12}},{"start":{"line":76,"column":4},"end":{"line":80,"column":12}},{"start":{"line":81,"column":4},"end":{"line":85,"column":12}}],"line":3},"1":{"loc":{"start":{"line":8,"column":6},"end":{"line":12,"column":7}},"type":"if","locations":[{"start":{"line":8,"column":6},"end":{"line":12,"column":7}},{"start":{"line":10,"column":13},"end":{"line":12,"column":7}}],"line":8},"2":{"loc":{"start":{"line":22,"column":6},"end":{"line":26,"column":7}},"type":"if","locations":[{"start":{"line":22,"column":6},"end":{"line":26,"column":7}},{"start":{"line":24,"column":13},"end":{"line":26,"column":7}}],"line":22}},"s":{"0":1,"1":11,"2":11,"3":5,"4":7,"5":5,"6":2,"7":3,"8":5,"9":5,"10":2,"11":2,"12":2,"13":0,"14":2,"15":2,"16":2,"17":4,"18":4,"19":0,"20":0,"21":0,"22":0,"23":0,"24":0,"25":0,"26":0,"27":0,"28":0,"29":0,"30":0,"31":0,"32":0,"33":0,"34":0,"35":0,"36":0,"37":0,"38":0,"39":1},"f":{"0":11,"1":7,"2":2},"b":{"0":[5,2,4,0,0,0,0,0,0,0,0,0,0],"1":[2,3],"2":[0,2]},"_coverageSchema":"1a1c01bbd47fc00a2c39e90264f33305004495a9","hash":"5b663b17b9c82f167a0ae785f13dab7476664c46"}
,"/Users/hifzhulramadhan/Documents/HK8/pase3/week3/wedding-planners/server/models/cart.js": {"path":"/Users/hifzhulramadhan/Documents/HK8/pase3/week3/wedding-planners/server/models/cart.js","statementMap":{"0":{"start":{"line":4,"column":4},"end":{"line":4,"column":24}},"1":{"start":{"line":5,"column":0},"end":{"line":30,"column":2}},"2":{"start":{"line":8,"column":6},"end":{"line":8,"column":34}},"3":{"start":{"line":9,"column":6},"end":{"line":9,"column":41}},"4":{"start":{"line":10,"column":6},"end":{"line":10,"column":35}},"5":{"start":{"line":11,"column":6},"end":{"line":11,"column":39}},"6":{"start":{"line":14,"column":2},"end":{"line":25,"column":5}},"7":{"start":{"line":26,"column":2},"end":{"line":28,"column":4}},"8":{"start":{"line":27,"column":4},"end":{"line":27,"column":27}},"9":{"start":{"line":29,"column":2},"end":{"line":29,"column":14}}},"fnMap":{"0":{"name":"(anonymous_0)","decl":{"start":{"line":5,"column":17},"end":{"line":5,"column":18}},"loc":{"start":{"line":5,"column":43},"end":{"line":30,"column":1}},"line":5},"1":{"name":"(anonymous_1)","decl":{"start":{"line":7,"column":4},"end":{"line":7,"column":5}},"loc":{"start":{"line":7,"column":29},"end":{"line":12,"column":5}},"line":7},"2":{"name":"(anonymous_2)","decl":{"start":{"line":26,"column":24},"end":{"line":26,"column":25}},"loc":{"start":{"line":26,"column":34},"end":{"line":28,"column":3}},"line":26}},"branchMap":{},"s":{"0":1,"1":1,"2":1,"3":1,"4":1,"5":1,"6":1,"7":1,"8":0,"9":1},"f":{"0":1,"1":1,"2":0},"b":{},"_coverageSchema":"1a1c01bbd47fc00a2c39e90264f33305004495a9","hash":"696a0bea3280ac4c8a2cf061959a701651f3b0ff"}
,"/Users/hifzhulramadhan/Documents/HK8/pase3/week3/wedding-planners/server/models/cathering.js": {"path":"/Users/hifzhulramadhan/Documents/HK8/pase3/week3/wedding-planners/server/models/cathering.js","statementMap":{"0":{"start":{"line":4,"column":4},"end":{"line":4,"column":24}},"1":{"start":{"line":5,"column":0},"end":{"line":23,"column":2}},"2":{"start":{"line":9,"column":6},"end":{"line":9,"column":37}},"3":{"start":{"line":10,"column":6},"end":{"line":10,"column":40}},"4":{"start":{"line":13,"column":2},"end":{"line":21,"column":5}},"5":{"start":{"line":22,"column":2},"end":{"line":22,"column":19}}},"fnMap":{"0":{"name":"(anonymous_0)","decl":{"start":{"line":5,"column":17},"end":{"line":5,"column":18}},"loc":{"start":{"line":5,"column":43},"end":{"line":23,"column":1}},"line":5},"1":{"name":"(anonymous_1)","decl":{"start":{"line":8,"column":4},"end":{"line":8,"column":5}},"loc":{"start":{"line":8,"column":29},"end":{"line":11,"column":5}},"line":8}},"branchMap":{},"s":{"0":1,"1":1,"2":1,"3":1,"4":1,"5":1},"f":{"0":1,"1":1},"b":{},"_coverageSchema":"1a1c01bbd47fc00a2c39e90264f33305004495a9","hash":"761c999302b920571e9211b0cdb569948d881232"}
,"/Users/hifzhulramadhan/Documents/HK8/pase3/week3/wedding-planners/server/models/index.js": {"path":"/Users/hifzhulramadhan/Documents/HK8/pase3/week3/wedding-planners/server/models/index.js","statementMap":{"0":{"start":{"line":3,"column":11},"end":{"line":3,"column":24}},"1":{"start":{"line":4,"column":13},"end":{"line":4,"column":28}},"2":{"start":{"line":5,"column":18},"end":{"line":5,"column":38}},"3":{"start":{"line":6,"column":16},"end":{"line":6,"column":34}},"4":{"start":{"line":7,"column":17},"end":{"line":7,"column":42}},"5":{"start":{"line":8,"column":12},"end":{"line":8,"column":49}},"6":{"start":{"line":9,"column":15},"end":{"line":9,"column":65}},"7":{"start":{"line":10,"column":11},"end":{"line":10,"column":13}},"8":{"start":{"line":13,"column":0},"end":{"line":17,"column":1}},"9":{"start":{"line":14,"column":2},"end":{"line":14,"column":74}},"10":{"start":{"line":16,"column":2},"end":{"line":16,"column":87}},"11":{"start":{"line":19,"column":0},"end":{"line":32,"column":5}},"12":{"start":{"line":22,"column":4},"end":{"line":27,"column":6}},"13":{"start":{"line":30,"column":18},"end":{"line":30,"column":85}},"14":{"start":{"line":31,"column":4},"end":{"line":31,"column":27}},"15":{"start":{"line":34,"column":0},"end":{"line":38,"column":3}},"16":{"start":{"line":35,"column":2},"end":{"line":37,"column":3}},"17":{"start":{"line":36,"column":4},"end":{"line":36,"column":32}},"18":{"start":{"line":40,"column":0},"end":{"line":40,"column":25}},"19":{"start":{"line":41,"column":0},"end":{"line":41,"column":25}},"20":{"start":{"line":43,"column":0},"end":{"line":43,"column":20}}},"fnMap":{"0":{"name":"(anonymous_0)","decl":{"start":{"line":21,"column":10},"end":{"line":21,"column":11}},"loc":{"start":{"line":21,"column":18},"end":{"line":28,"column":3}},"line":21},"1":{"name":"(anonymous_1)","decl":{"start":{"line":29,"column":11},"end":{"line":29,"column":12}},"loc":{"start":{"line":29,"column":19},"end":{"line":32,"column":3}},"line":29},"2":{"name":"(anonymous_2)","decl":{"start":{"line":34,"column":24},"end":{"line":34,"column":25}},"loc":{"start":{"line":34,"column":37},"end":{"line":38,"column":1}},"line":34}},"branchMap":{"0":{"loc":{"start":{"line":8,"column":12},"end":{"line":8,"column":49}},"type":"binary-expr","locations":[{"start":{"line":8,"column":12},"end":{"line":8,"column":32}},{"start":{"line":8,"column":36},"end":{"line":8,"column":49}}],"line":8},"1":{"loc":{"start":{"line":13,"column":0},"end":{"line":17,"column":1}},"type":"if","locations":[{"start":{"line":13,"column":0},"end":{"line":17,"column":1}},{"start":{"line":15,"column":7},"end":{"line":17,"column":1}}],"line":13},"2":{"loc":{"start":{"line":23,"column":6},"end":{"line":26,"column":37}},"type":"binary-expr","locations":[{"start":{"line":23,"column":6},"end":{"line":23,"column":29}},{"start":{"line":24,"column":6},"end":{"line":24,"column":23}},{"start":{"line":25,"column":6},"end":{"line":25,"column":30}},{"start":{"line":26,"column":6},"end":{"line":26,"column":37}}],"line":23},"3":{"loc":{"start":{"line":35,"column":2},"end":{"line":37,"column":3}},"type":"if","locations":[{"start":{"line":35,"column":2},"end":{"line":37,"column":3}},{"start":{},"end":{}}],"line":35}},"s":{"0":1,"1":1,"2":1,"3":1,"4":1,"5":1,"6":1,"7":1,"8":1,"9":0,"10":1,"11":1,"12":8,"13":7,"14":7,"15":1,"16":7,"17":7,"18":1,"19":1,"20":1},"f":{"0":8,"1":7,"2":7},"b":{"0":[1,0],"1":[0,1],"2":[8,8,7,7],"3":[7,0]},"_coverageSchema":"1a1c01bbd47fc00a2c39e90264f33305004495a9","hash":"ed17d16dca7aa06f6d42adc6c62d049c93351dd3"}
,"/Users/hifzhulramadhan/Documents/HK8/pase3/week3/wedding-planners/server/models/photography.js": {"path":"/Users/hifzhulramadhan/Documents/HK8/pase3/week3/wedding-planners/server/models/photography.js","statementMap":{"0":{"start":{"line":4,"column":4},"end":{"line":4,"column":24}},"1":{"start":{"line":5,"column":0},"end":{"line":23,"column":2}},"2":{"start":{"line":9,"column":6},"end":{"line":9,"column":39}},"3":{"start":{"line":10,"column":6},"end":{"line":10,"column":42}},"4":{"start":{"line":13,"column":2},"end":{"line":21,"column":5}},"5":{"start":{"line":22,"column":2},"end":{"line":22,"column":21}}},"fnMap":{"0":{"name":"(anonymous_0)","decl":{"start":{"line":5,"column":17},"end":{"line":5,"column":18}},"loc":{"start":{"line":5,"column":43},"end":{"line":23,"column":1}},"line":5},"1":{"name":"(anonymous_1)","decl":{"start":{"line":8,"column":4},"end":{"line":8,"column":5}},"loc":{"start":{"line":8,"column":29},"end":{"line":11,"column":5}},"line":8}},"branchMap":{},"s":{"0":1,"1":1,"2":1,"3":1,"4":1,"5":1},"f":{"0":1,"1":1},"b":{},"_coverageSchema":"1a1c01bbd47fc00a2c39e90264f33305004495a9","hash":"375d5a4d6f58463542b96241ae88dae7e201049b"}
,"/Users/hifzhulramadhan/Documents/HK8/pase3/week3/wedding-planners/server/models/product.js": {"path":"/Users/hifzhulramadhan/Documents/HK8/pase3/week3/wedding-planners/server/models/product.js","statementMap":{"0":{"start":{"line":4,"column":4},"end":{"line":4,"column":24}},"1":{"start":{"line":5,"column":0},"end":{"line":28,"column":2}},"2":{"start":{"line":8,"column":6},"end":{"line":8,"column":44}},"3":{"start":{"line":9,"column":6},"end":{"line":9,"column":38}},"4":{"start":{"line":10,"column":6},"end":{"line":10,"column":42}},"5":{"start":{"line":14,"column":2},"end":{"line":26,"column":5}},"6":{"start":{"line":27,"column":2},"end":{"line":27,"column":17}}},"fnMap":{"0":{"name":"(anonymous_0)","decl":{"start":{"line":5,"column":17},"end":{"line":5,"column":18}},"loc":{"start":{"line":5,"column":43},"end":{"line":28,"column":1}},"line":5},"1":{"name":"(anonymous_1)","decl":{"start":{"line":7,"column":4},"end":{"line":7,"column":5}},"loc":{"start":{"line":7,"column":29},"end":{"line":12,"column":5}},"line":7}},"branchMap":{},"s":{"0":1,"1":1,"2":1,"3":1,"4":1,"5":1,"6":1},"f":{"0":1,"1":1},"b":{},"_coverageSchema":"1a1c01bbd47fc00a2c39e90264f33305004495a9","hash":"1212bba8efd39f4bb445706aa20bb91f5d67b348"}
,"/Users/hifzhulramadhan/Documents/HK8/pase3/week3/wedding-planners/server/models/transaction.js": {"path":"/Users/hifzhulramadhan/Documents/HK8/pase3/week3/wedding-planners/server/models/transaction.js","statementMap":{"0":{"start":{"line":4,"column":4},"end":{"line":4,"column":24}},"1":{"start":{"line":5,"column":0},"end":{"line":26,"column":2}},"2":{"start":{"line":9,"column":6},"end":{"line":9,"column":41}},"3":{"start":{"line":12,"column":2},"end":{"line":21,"column":5}},"4":{"start":{"line":22,"column":2},"end":{"line":24,"column":4}},"5":{"start":{"line":23,"column":4},"end":{"line":23,"column":28}},"6":{"start":{"line":25,"column":2},"end":{"line":25,"column":21}}},"fnMap":{"0":{"name":"(anonymous_0)","decl":{"start":{"line":5,"column":17},"end":{"line":5,"column":18}},"loc":{"start":{"line":5,"column":43},"end":{"line":26,"column":1}},"line":5},"1":{"name":"(anonymous_1)","decl":{"start":{"line":8,"column":4},"end":{"line":8,"column":5}},"loc":{"start":{"line":8,"column":29},"end":{"line":10,"column":5}},"line":8},"2":{"name":"(anonymous_2)","decl":{"start":{"line":22,"column":27},"end":{"line":22,"column":28}},"loc":{"start":{"line":22,"column":38},"end":{"line":24,"column":3}},"line":22}},"branchMap":{},"s":{"0":1,"1":1,"2":1,"3":1,"4":1,"5":0,"6":1},"f":{"0":1,"1":1,"2":0},"b":{},"_coverageSchema":"1a1c01bbd47fc00a2c39e90264f33305004495a9","hash":"93bf2fd207df8450144a82631f57d49cecaf8611"}
,"/Users/hifzhulramadhan/Documents/HK8/pase3/week3/wedding-planners/server/models/user.js": {"path":"/Users/hifzhulramadhan/Documents/HK8/pase3/week3/wedding-planners/server/models/user.js","statementMap":{"0":{"start":{"line":2,"column":18},"end":{"line":2,"column":38}},"1":{"start":{"line":3,"column":25},"end":{"line":3,"column":53}},"2":{"start":{"line":4,"column":0},"end":{"line":67,"column":2}},"3":{"start":{"line":7,"column":6},"end":{"line":7,"column":39}},"4":{"start":{"line":8,"column":6},"end":{"line":8,"column":32}},"5":{"start":{"line":11,"column":2},"end":{"line":61,"column":4}},"6":{"start":{"line":62,"column":2},"end":{"line":65,"column":5}},"7":{"start":{"line":63,"column":4},"end":{"line":63,"column":70}},"8":{"start":{"line":64,"column":4},"end":{"line":64,"column":38}},"9":{"start":{"line":66,"column":2},"end":{"line":66,"column":14}}},"fnMap":{"0":{"name":"(anonymous_0)","decl":{"start":{"line":4,"column":17},"end":{"line":4,"column":18}},"loc":{"start":{"line":4,"column":43},"end":{"line":67,"column":1}},"line":4},"1":{"name":"(anonymous_1)","decl":{"start":{"line":6,"column":4},"end":{"line":6,"column":5}},"loc":{"start":{"line":6,"column":29},"end":{"line":9,"column":5}},"line":6},"2":{"name":"(anonymous_2)","decl":{"start":{"line":62,"column":20},"end":{"line":62,"column":21}},"loc":{"start":{"line":62,"column":30},"end":{"line":65,"column":3}},"line":62}},"branchMap":{},"s":{"0":1,"1":1,"2":1,"3":1,"4":1,"5":1,"6":1,"7":3,"8":3,"9":1},"f":{"0":1,"1":1,"2":3},"b":{},"_coverageSchema":"1a1c01bbd47fc00a2c39e90264f33305004495a9","hash":"1bd9b0e2825f7d1bb0cbf3a50df1ccfd334421d1"}
,"/Users/hifzhulramadhan/Documents/HK8/pase3/week3/wedding-planners/server/models/venue.js": {"path":"/Users/hifzhulramadhan/Documents/HK8/pase3/week3/wedding-planners/server/models/venue.js","statementMap":{"0":{"start":{"line":4,"column":4},"end":{"line":4,"column":24}},"1":{"start":{"line":5,"column":0},"end":{"line":27,"column":2}},"2":{"start":{"line":9,"column":6},"end":{"line":9,"column":33}},"3":{"start":{"line":10,"column":6},"end":{"line":10,"column":36}},"4":{"start":{"line":13,"column":2},"end":{"line":25,"column":5}},"5":{"start":{"line":26,"column":2},"end":{"line":26,"column":15}}},"fnMap":{"0":{"name":"(anonymous_0)","decl":{"start":{"line":5,"column":17},"end":{"line":5,"column":18}},"loc":{"start":{"line":5,"column":43},"end":{"line":27,"column":1}},"line":5},"1":{"name":"(anonymous_1)","decl":{"start":{"line":8,"column":4},"end":{"line":8,"column":5}},"loc":{"start":{"line":8,"column":29},"end":{"line":11,"column":5}},"line":8}},"branchMap":{},"s":{"0":1,"1":1,"2":1,"3":1,"4":1,"5":1},"f":{"0":1,"1":1},"b":{},"_coverageSchema":"1a1c01bbd47fc00a2c39e90264f33305004495a9","hash":"0ab1505e5d3c4594e40ccdd2198690eb3cce0a45"}
,"/Users/hifzhulramadhan/Documents/HK8/pase3/week3/wedding-planners/server/router/cart.js": {"path":"/Users/hifzhulramadhan/Documents/HK8/pase3/week3/wedding-planners/server/router/cart.js","statementMap":{"0":{"start":{"line":1,"column":16},"end":{"line":1,"column":34}},"1":{"start":{"line":2,"column":24},"end":{"line":2,"column":63}},"2":{"start":{"line":3,"column":15},"end":{"line":3,"column":31}},"3":{"start":{"line":5,"column":0},"end":{"line":5,"column":40}},"4":{"start":{"line":6,"column":0},"end":{"line":6,"column":44}},"5":{"start":{"line":7,"column":0},"end":{"line":7,"column":58}},"6":{"start":{"line":8,"column":0},"end":{"line":8,"column":50}},"7":{"start":{"line":9,"column":0},"end":{"line":9,"column":53}},"8":{"start":{"line":11,"column":0},"end":{"line":11,"column":24}}},"fnMap":{},"branchMap":{},"s":{"0":1,"1":1,"2":1,"3":1,"4":1,"5":1,"6":1,"7":1,"8":1},"f":{},"b":{},"_coverageSchema":"1a1c01bbd47fc00a2c39e90264f33305004495a9","hash":"0c2de68d802832d729b9795d64e73308189bfb4d"}
,"/Users/hifzhulramadhan/Documents/HK8/pase3/week3/wedding-planners/server/router/cathering.js": {"path":"/Users/hifzhulramadhan/Documents/HK8/pase3/week3/wedding-planners/server/router/cathering.js","statementMap":{"0":{"start":{"line":1,"column":16},"end":{"line":1,"column":34}},"1":{"start":{"line":2,"column":28},"end":{"line":2,"column":72}},"2":{"start":{"line":3,"column":15},"end":{"line":3,"column":31}},"3":{"start":{"line":5,"column":0},"end":{"line":5,"column":53}},"4":{"start":{"line":6,"column":0},"end":{"line":6,"column":57}},"5":{"start":{"line":7,"column":0},"end":{"line":7,"column":24}}},"fnMap":{},"branchMap":{},"s":{"0":1,"1":1,"2":1,"3":1,"4":1,"5":1},"f":{},"b":{},"_coverageSchema":"1a1c01bbd47fc00a2c39e90264f33305004495a9","hash":"f55f1d1d3eb402e75f0a2a226da99754998e47d4"}
,"/Users/hifzhulramadhan/Documents/HK8/pase3/week3/wedding-planners/server/router/index.js": {"path":"/Users/hifzhulramadhan/Documents/HK8/pase3/week3/wedding-planners/server/router/index.js","statementMap":{"0":{"start":{"line":1,"column":16},"end":{"line":1,"column":34}},"1":{"start":{"line":2,"column":15},"end":{"line":2,"column":31}},"2":{"start":{"line":4,"column":19},"end":{"line":4,"column":36}},"3":{"start":{"line":5,"column":20},"end":{"line":5,"column":38}},"4":{"start":{"line":6,"column":24},"end":{"line":6,"column":46}},"5":{"start":{"line":7,"column":26},"end":{"line":7,"column":50}},"6":{"start":{"line":8,"column":22},"end":{"line":8,"column":42}},"7":{"start":{"line":9,"column":19},"end":{"line":9,"column":36}},"8":{"start":{"line":10,"column":13},"end":{"line":10,"column":52}},"9":{"start":{"line":11,"column":26},"end":{"line":11,"column":50}},"10":{"start":{"line":13,"column":0},"end":{"line":13,"column":33}},"11":{"start":{"line":14,"column":0},"end":{"line":14,"column":35}},"12":{"start":{"line":15,"column":0},"end":{"line":15,"column":43}},"13":{"start":{"line":16,"column":0},"end":{"line":16,"column":48}},"14":{"start":{"line":17,"column":0},"end":{"line":17,"column":39}},"15":{"start":{"line":18,"column":0},"end":{"line":18,"column":16}},"16":{"start":{"line":19,"column":0},"end":{"line":19,"column":33}},"17":{"start":{"line":20,"column":0},"end":{"line":20,"column":47}},"18":{"start":{"line":22,"column":0},"end":{"line":22,"column":24}}},"fnMap":{},"branchMap":{},"s":{"0":1,"1":1,"2":1,"3":1,"4":1,"5":1,"6":1,"7":1,"8":1,"9":1,"10":1,"11":1,"12":1,"13":1,"14":1,"15":1,"16":1,"17":1,"18":1},"f":{},"b":{},"_coverageSchema":"1a1c01bbd47fc00a2c39e90264f33305004495a9","hash":"687258cd211e7eea9a9c5fa2c081929398215950"}
,"/Users/hifzhulramadhan/Documents/HK8/pase3/week3/wedding-planners/server/router/photography.js": {"path":"/Users/hifzhulramadhan/Documents/HK8/pase3/week3/wedding-planners/server/router/photography.js","statementMap":{"0":{"start":{"line":1,"column":16},"end":{"line":1,"column":34}},"1":{"start":{"line":2,"column":30},"end":{"line":2,"column":76}},"2":{"start":{"line":3,"column":15},"end":{"line":3,"column":31}},"3":{"start":{"line":5,"column":0},"end":{"line":5,"column":59}},"4":{"start":{"line":6,"column":0},"end":{"line":6,"column":61}},"5":{"start":{"line":8,"column":0},"end":{"line":8,"column":24}}},"fnMap":{},"branchMap":{},"s":{"0":1,"1":1,"2":1,"3":1,"4":1,"5":1},"f":{},"b":{},"_coverageSchema":"1a1c01bbd47fc00a2c39e90264f33305004495a9","hash":"8ea19e3d1ffa79bd58ae687eaea66995cdc5a431"}
,"/Users/hifzhulramadhan/Documents/HK8/pase3/week3/wedding-planners/server/router/product.js": {"path":"/Users/hifzhulramadhan/Documents/HK8/pase3/week3/wedding-planners/server/router/product.js","statementMap":{"0":{"start":{"line":1,"column":16},"end":{"line":1,"column":34}},"1":{"start":{"line":2,"column":26},"end":{"line":2,"column":68}},"2":{"start":{"line":3,"column":15},"end":{"line":3,"column":31}},"3":{"start":{"line":5,"column":0},"end":{"line":5,"column":50}},"4":{"start":{"line":6,"column":0},"end":{"line":6,"column":53}},"5":{"start":{"line":8,"column":0},"end":{"line":8,"column":24}}},"fnMap":{},"branchMap":{},"s":{"0":1,"1":1,"2":1,"3":1,"4":1,"5":1},"f":{},"b":{},"_coverageSchema":"1a1c01bbd47fc00a2c39e90264f33305004495a9","hash":"a86c07382d99677478fffd48d924acde00739b0b"}
,"/Users/hifzhulramadhan/Documents/HK8/pase3/week3/wedding-planners/server/router/transaction.js": {"path":"/Users/hifzhulramadhan/Documents/HK8/pase3/week3/wedding-planners/server/router/transaction.js","statementMap":{"0":{"start":{"line":1,"column":16},"end":{"line":1,"column":34}},"1":{"start":{"line":2,"column":30},"end":{"line":2,"column":76}},"2":{"start":{"line":3,"column":15},"end":{"line":3,"column":31}},"3":{"start":{"line":5,"column":0},"end":{"line":5,"column":58}},"4":{"start":{"line":6,"column":0},"end":{"line":6,"column":75}},"5":{"start":{"line":7,"column":0},"end":{"line":7,"column":54}},"6":{"start":{"line":9,"column":0},"end":{"line":9,"column":24}}},"fnMap":{},"branchMap":{},"s":{"0":1,"1":1,"2":1,"3":1,"4":1,"5":1,"6":1},"f":{},"b":{},"_coverageSchema":"1a1c01bbd47fc00a2c39e90264f33305004495a9","hash":"07af874032d3c8821adb0a59c26e5f2e845bee02"}
,"/Users/hifzhulramadhan/Documents/HK8/pase3/week3/wedding-planners/server/router/user.js": {"path":"/Users/hifzhulramadhan/Documents/HK8/pase3/week3/wedding-planners/server/router/user.js","statementMap":{"0":{"start":{"line":1,"column":16},"end":{"line":1,"column":34}},"1":{"start":{"line":2,"column":23},"end":{"line":2,"column":63}},"2":{"start":{"line":3,"column":15},"end":{"line":3,"column":31}},"3":{"start":{"line":5,"column":0},"end":{"line":5,"column":50}},"4":{"start":{"line":6,"column":0},"end":{"line":6,"column":44}},"5":{"start":{"line":8,"column":0},"end":{"line":8,"column":24}}},"fnMap":{},"branchMap":{},"s":{"0":1,"1":1,"2":1,"3":1,"4":1,"5":1},"f":{},"b":{},"_coverageSchema":"1a1c01bbd47fc00a2c39e90264f33305004495a9","hash":"620774e56d2eaeaabf01035592939edcd6284ef7"}
,"/Users/hifzhulramadhan/Documents/HK8/pase3/week3/wedding-planners/server/router/venue.js": {"path":"/Users/hifzhulramadhan/Documents/HK8/pase3/week3/wedding-planners/server/router/venue.js","statementMap":{"0":{"start":{"line":1,"column":16},"end":{"line":1,"column":34}},"1":{"start":{"line":2,"column":25},"end":{"line":2,"column":66}},"2":{"start":{"line":3,"column":15},"end":{"line":3,"column":31}},"3":{"start":{"line":5,"column":0},"end":{"line":5,"column":40}},"4":{"start":{"line":6,"column":0},"end":{"line":6,"column":46}},"5":{"start":{"line":9,"column":0},"end":{"line":9,"column":24}}},"fnMap":{},"branchMap":{},"s":{"0":1,"1":1,"2":1,"3":1,"4":1,"5":1},"f":{},"b":{},"_coverageSchema":"1a1c01bbd47fc00a2c39e90264f33305004495a9","hash":"8918e24279519a4591a478b5da0694e07ec4f8cd"}
,"/Users/hifzhulramadhan/Documents/HK8/pase3/week3/wedding-planners/server/test/UserTest.js": {"path":"/Users/hifzhulramadhan/Documents/HK8/pase3/week3/wedding-planners/server/test/UserTest.js","statementMap":{"0":{"start":{"line":1,"column":17},"end":{"line":1,"column":43}},"1":{"start":{"line":7,"column":19},"end":{"line":9,"column":6}},"2":{"start":{"line":10,"column":4},"end":{"line":18,"column":5}},"3":{"start":{"line":22,"column":4},"end":{"line":29,"column":6}},"4":{"start":{"line":33,"column":4},"end":{"line":37,"column":7}},"5":{"start":{"line":41,"column":0},"end":{"line":41,"column":30}}},"fnMap":{"0":{"name":"(anonymous_0)","decl":{"start":{"line":4,"column":2},"end":{"line":4,"column":3}},"loc":{"start":{"line":6,"column":5},"end":{"line":19,"column":3}},"line":6},"1":{"name":"(anonymous_1)","decl":{"start":{"line":21,"column":2},"end":{"line":21,"column":3}},"loc":{"start":{"line":21,"column":26},"end":{"line":30,"column":3}},"line":21},"2":{"name":"(anonymous_2)","decl":{"start":{"line":32,"column":2},"end":{"line":32,"column":3}},"loc":{"start":{"line":32,"column":22},"end":{"line":38,"column":3}},"line":32}},"branchMap":{"0":{"loc":{"start":{"line":5,"column":4},"end":{"line":5,"column":21}},"type":"default-arg","locations":[{"start":{"line":5,"column":15},"end":{"line":5,"column":21}}],"line":5},"1":{"loc":{"start":{"line":5,"column":23},"end":{"line":5,"column":47}},"type":"default-arg","locations":[{"start":{"line":5,"column":31},"end":{"line":5,"column":47}}],"line":5},"2":{"loc":{"start":{"line":5,"column":49},"end":{"line":5,"column":69}},"type":"default-arg","locations":[{"start":{"line":5,"column":60},"end":{"line":5,"column":69}}],"line":5},"3":{"loc":{"start":{"line":5,"column":71},"end":{"line":5,"column":99}},"type":"default-arg","locations":[{"start":{"line":5,"column":85},"end":{"line":5,"column":99}}],"line":5},"4":{"loc":{"start":{"line":5,"column":101},"end":{"line":5,"column":118}},"type":"default-arg","locations":[{"start":{"line":5,"column":108},"end":{"line":5,"column":118}}],"line":5},"5":{"loc":{"start":{"line":5,"column":120},"end":{"line":5,"column":298}},"type":"default-arg","locations":[{"start":{"line":5,"column":131},"end":{"line":5,"column":298}}],"line":5}},"s":{"0":1,"1":0,"2":0,"3":0,"4":0,"5":1},"f":{"0":0,"1":0,"2":0},"b":{"0":[0],"1":[0],"2":[0],"3":[0],"4":[0],"5":[0]},"_coverageSchema":"1a1c01bbd47fc00a2c39e90264f33305004495a9","hash":"ad5ed2befeaed832cd7f3e646b750681e6b049d7"}
}
