{"/Users/hifzhulramadhan/Documents/HK8/pase3/week3/wedding-planners/server/app.js": {"path":"/Users/hifzhulramadhan/Documents/HK8/pase3/week3/wedding-planners/server/app.js","statementMap":{"0":{"start":{"line":1,"column":0},"end":{"line":1,"column":27}},"1":{"start":{"line":2,"column":0},"end":{"line":4,"column":1}},"2":{"start":{"line":3,"column":4},"end":{"line":3,"column":31}},"3":{"start":{"line":6,"column":16},"end":{"line":6,"column":34}},"4":{"start":{"line":7,"column":13},"end":{"line":7,"column":28}},"5":{"start":{"line":8,"column":15},"end":{"line":8,"column":34}},"6":{"start":{"line":9,"column":22},"end":{"line":9,"column":59}},"7":{"start":{"line":10,"column":12},"end":{"line":10,"column":21}},"8":{"start":{"line":14,"column":0},"end":{"line":14,"column":16}},"9":{"start":{"line":15,"column":0},"end":{"line":15,"column":24}},"10":{"start":{"line":16,"column":0},"end":{"line":16,"column":49}},"11":{"start":{"line":18,"column":0},"end":{"line":18,"column":16}},"12":{"start":{"line":20,"column":0},"end":{"line":20,"column":23}},"13":{"start":{"line":26,"column":0},"end":{"line":26,"column":20}}},"fnMap":{},"branchMap":{"0":{"loc":{"start":{"line":2,"column":0},"end":{"line":4,"column":1}},"type":"if","locations":[{"start":{"line":2,"column":0},"end":{"line":4,"column":1}},{"start":{},"end":{}}],"line":2}},"s":{"0":6,"1":6,"2":6,"3":6,"4":6,"5":6,"6":6,"7":6,"8":6,"9":6,"10":6,"11":6,"12":6,"13":6},"f":{},"b":{"0":[6,0]},"_coverageSchema":"1a1c01bbd47fc00a2c39e90264f33305004495a9","hash":"72f62af6ffdbf48f02209e4fb401a9385c136a4b"}
,"/Users/hifzhulramadhan/Documents/HK8/pase3/week3/wedding-planners/server/cotrollers/cartController.js": {"path":"/Users/hifzhulramadhan/Documents/HK8/pase3/week3/wedding-planners/server/cotrollers/cartController.js","statementMap":{"0":{"start":{"line":1,"column":55},"end":{"line":1,"column":75}},"1":{"start":{"line":6,"column":4},"end":{"line":27,"column":5}},"2":{"start":{"line":7,"column":19},"end":{"line":7,"column":37}},"3":{"start":{"line":9,"column":76},"end":{"line":9,"column":84}},"4":{"start":{"line":10,"column":21},"end":{"line":18,"column":8}},"5":{"start":{"line":20,"column":6},"end":{"line":24,"column":7}},"6":{"start":{"line":21,"column":8},"end":{"line":23,"column":11}},"7":{"start":{"line":26,"column":6},"end":{"line":26,"column":16}},"8":{"start":{"line":30,"column":4},"end":{"line":57,"column":5}},"9":{"start":{"line":31,"column":26},"end":{"line":31,"column":36}},"10":{"start":{"line":32,"column":21},"end":{"line":32,"column":39}},"11":{"start":{"line":33,"column":34},"end":{"line":33,"column":42}},"12":{"start":{"line":35,"column":19},"end":{"line":39,"column":8}},"13":{"start":{"line":40,"column":21},"end":{"line":48,"column":8}},"14":{"start":{"line":50,"column":6},"end":{"line":54,"column":7}},"15":{"start":{"line":51,"column":8},"end":{"line":53,"column":11}},"16":{"start":{"line":56,"column":6},"end":{"line":56,"column":16}},"17":{"start":{"line":61,"column":4},"end":{"line":79,"column":5}},"18":{"start":{"line":62,"column":19},"end":{"line":62,"column":37}},"19":{"start":{"line":63,"column":19},"end":{"line":72,"column":8}},"20":{"start":{"line":74,"column":6},"end":{"line":76,"column":7}},"21":{"start":{"line":75,"column":8},"end":{"line":75,"column":35}},"22":{"start":{"line":78,"column":6},"end":{"line":78,"column":16}},"23":{"start":{"line":83,"column":4},"end":{"line":112,"column":5}},"24":{"start":{"line":84,"column":25},"end":{"line":84,"column":35}},"25":{"start":{"line":85,"column":21},"end":{"line":85,"column":39}},"26":{"start":{"line":87,"column":19},"end":{"line":92,"column":8}},"27":{"start":{"line":94,"column":6},"end":{"line":98,"column":7}},"28":{"start":{"line":95,"column":8},"end":{"line":97,"column":10}},"29":{"start":{"line":100,"column":6},"end":{"line":105,"column":9}},"30":{"start":{"line":107,"column":6},"end":{"line":109,"column":9}},"31":{"start":{"line":111,"column":6},"end":{"line":111,"column":16}},"32":{"start":{"line":116,"column":4},"end":{"line":141,"column":5}},"33":{"start":{"line":117,"column":21},"end":{"line":117,"column":39}},"34":{"start":{"line":118,"column":19},"end":{"line":122,"column":8}},"35":{"start":{"line":124,"column":6},"end":{"line":128,"column":7}},"36":{"start":{"line":125,"column":8},"end":{"line":127,"column":10}},"37":{"start":{"line":130,"column":6},"end":{"line":134,"column":9}},"38":{"start":{"line":136,"column":6},"end":{"line":138,"column":9}},"39":{"start":{"line":140,"column":6},"end":{"line":140,"column":16}},"40":{"start":{"line":145,"column":0},"end":{"line":145,"column":33}}},"fnMap":{"0":{"name":"(anonymous_0)","decl":{"start":{"line":5,"column":2},"end":{"line":5,"column":3}},"loc":{"start":{"line":5,"column":41},"end":{"line":28,"column":3}},"line":5},"1":{"name":"(anonymous_1)","decl":{"start":{"line":29,"column":2},"end":{"line":29,"column":3}},"loc":{"start":{"line":29,"column":46},"end":{"line":58,"column":3}},"line":29},"2":{"name":"(anonymous_2)","decl":{"start":{"line":60,"column":2},"end":{"line":60,"column":3}},"loc":{"start":{"line":60,"column":39},"end":{"line":80,"column":3}},"line":60},"3":{"name":"(anonymous_3)","decl":{"start":{"line":82,"column":2},"end":{"line":82,"column":3}},"loc":{"start":{"line":82,"column":42},"end":{"line":113,"column":3}},"line":82},"4":{"name":"(anonymous_4)","decl":{"start":{"line":115,"column":2},"end":{"line":115,"column":3}},"loc":{"start":{"line":115,"column":45},"end":{"line":142,"column":3}},"line":115}},"branchMap":{"0":{"loc":{"start":{"line":20,"column":6},"end":{"line":24,"column":7}},"type":"if","locations":[{"start":{"line":20,"column":6},"end":{"line":24,"column":7}},{"start":{},"end":{}}],"line":20},"1":{"loc":{"start":{"line":50,"column":6},"end":{"line":54,"column":7}},"type":"if","locations":[{"start":{"line":50,"column":6},"end":{"line":54,"column":7}},{"start":{},"end":{}}],"line":50},"2":{"loc":{"start":{"line":74,"column":6},"end":{"line":76,"column":7}},"type":"if","locations":[{"start":{"line":74,"column":6},"end":{"line":76,"column":7}},{"start":{},"end":{}}],"line":74},"3":{"loc":{"start":{"line":94,"column":6},"end":{"line":98,"column":7}},"type":"if","locations":[{"start":{"line":94,"column":6},"end":{"line":98,"column":7}},{"start":{},"end":{}}],"line":94},"4":{"loc":{"start":{"line":124,"column":6},"end":{"line":128,"column":7}},"type":"if","locations":[{"start":{"line":124,"column":6},"end":{"line":128,"column":7}},{"start":{},"end":{}}],"line":124}},"s":{"0":6,"1":1,"2":1,"3":1,"4":1,"5":1,"6":1,"7":0,"8":0,"9":0,"10":0,"11":0,"12":0,"13":0,"14":0,"15":0,"16":0,"17":0,"18":0,"19":0,"20":0,"21":0,"22":0,"23":0,"24":0,"25":0,"26":0,"27":0,"28":0,"29":0,"30":0,"31":0,"32":0,"33":0,"34":0,"35":0,"36":0,"37":0,"38":0,"39":0,"40":6},"f":{"0":1,"1":0,"2":0,"3":0,"4":0},"b":{"0":[1,0],"1":[0,0],"2":[0,0],"3":[0,0],"4":[0,0]},"_coverageSchema":"1a1c01bbd47fc00a2c39e90264f33305004495a9","hash":"68884cf2847bdad2965e6e91f2dace86b25fee79"}
,"/Users/hifzhulramadhan/Documents/HK8/pase3/week3/wedding-planners/server/cotrollers/catheringController.js": {"path":"/Users/hifzhulramadhan/Documents/HK8/pase3/week3/wedding-planners/server/cotrollers/catheringController.js","statementMap":{"0":{"start":{"line":1,"column":22},"end":{"line":1,"column":42}},"1":{"start":{"line":2,"column":15},"end":{"line":2,"column":35}},"2":{"start":{"line":6,"column":4},"end":{"line":44,"column":5}},"3":{"start":{"line":7,"column":44},"end":{"line":7,"column":53}},"4":{"start":{"line":9,"column":18},"end":{"line":9,"column":20}},"5":{"start":{"line":10,"column":6},"end":{"line":16,"column":7}},"6":{"start":{"line":11,"column":8},"end":{"line":15,"column":9}},"7":{"start":{"line":17,"column":6},"end":{"line":24,"column":7}},"8":{"start":{"line":18,"column":8},"end":{"line":23,"column":10}},"9":{"start":{"line":25,"column":19},"end":{"line":25,"column":34}},"10":{"start":{"line":26,"column":6},"end":{"line":32,"column":7}},"11":{"start":{"line":27,"column":8},"end":{"line":31,"column":9}},"12":{"start":{"line":28,"column":10},"end":{"line":28,"column":37}},"13":{"start":{"line":29,"column":15},"end":{"line":31,"column":9}},"14":{"start":{"line":30,"column":10},"end":{"line":30,"column":38}},"15":{"start":{"line":33,"column":19},"end":{"line":36,"column":8}},"16":{"start":{"line":38,"column":6},"end":{"line":40,"column":7}},"17":{"start":{"line":39,"column":8},"end":{"line":39,"column":35}},"18":{"start":{"line":43,"column":6},"end":{"line":43,"column":16}},"19":{"start":{"line":47,"column":4},"end":{"line":60,"column":5}},"20":{"start":{"line":48,"column":21},"end":{"line":48,"column":31}},"21":{"start":{"line":49,"column":19},"end":{"line":49,"column":61}},"22":{"start":{"line":51,"column":6},"end":{"line":55,"column":7}},"23":{"start":{"line":52,"column":8},"end":{"line":54,"column":9}},"24":{"start":{"line":56,"column":6},"end":{"line":56,"column":33}},"25":{"start":{"line":59,"column":6},"end":{"line":59,"column":16}},"26":{"start":{"line":64,"column":0},"end":{"line":64,"column":37}}},"fnMap":{"0":{"name":"(anonymous_0)","decl":{"start":{"line":5,"column":2},"end":{"line":5,"column":3}},"loc":{"start":{"line":5,"column":47},"end":{"line":45,"column":3}},"line":5},"1":{"name":"(anonymous_1)","decl":{"start":{"line":46,"column":2},"end":{"line":46,"column":3}},"loc":{"start":{"line":46,"column":48},"end":{"line":61,"column":3}},"line":46}},"branchMap":{"0":{"loc":{"start":{"line":10,"column":6},"end":{"line":16,"column":7}},"type":"if","locations":[{"start":{"line":10,"column":6},"end":{"line":16,"column":7}},{"start":{},"end":{}}],"line":10},"1":{"loc":{"start":{"line":17,"column":6},"end":{"line":24,"column":7}},"type":"if","locations":[{"start":{"line":17,"column":6},"end":{"line":24,"column":7}},{"start":{},"end":{}}],"line":17},"2":{"loc":{"start":{"line":26,"column":6},"end":{"line":32,"column":7}},"type":"if","locations":[{"start":{"line":26,"column":6},"end":{"line":32,"column":7}},{"start":{},"end":{}}],"line":26},"3":{"loc":{"start":{"line":27,"column":8},"end":{"line":31,"column":9}},"type":"if","locations":[{"start":{"line":27,"column":8},"end":{"line":31,"column":9}},{"start":{"line":29,"column":15},"end":{"line":31,"column":9}}],"line":27},"4":{"loc":{"start":{"line":29,"column":15},"end":{"line":31,"column":9}},"type":"if","locations":[{"start":{"line":29,"column":15},"end":{"line":31,"column":9}},{"start":{},"end":{}}],"line":29},"5":{"loc":{"start":{"line":38,"column":6},"end":{"line":40,"column":7}},"type":"if","locations":[{"start":{"line":38,"column":6},"end":{"line":40,"column":7}},{"start":{},"end":{}}],"line":38},"6":{"loc":{"start":{"line":51,"column":6},"end":{"line":55,"column":7}},"type":"if","locations":[{"start":{"line":51,"column":6},"end":{"line":55,"column":7}},{"start":{},"end":{}}],"line":51}},"s":{"0":6,"1":6,"2":5,"3":5,"4":5,"5":5,"6":1,"7":5,"8":1,"9":5,"10":5,"11":2,"12":1,"13":1,"14":1,"15":5,"16":5,"17":5,"18":0,"19":3,"20":3,"21":3,"22":2,"23":1,"24":1,"25":2,"26":6},"f":{"0":5,"1":3},"b":{"0":[1,4],"1":[1,4],"2":[2,3],"3":[1,1],"4":[1,0],"5":[5,0],"6":[1,1]},"_coverageSchema":"1a1c01bbd47fc00a2c39e90264f33305004495a9","hash":"0e328547c478ea9ec229a24e31370da1716cf195"}
,"/Users/hifzhulramadhan/Documents/HK8/pase3/week3/wedding-planners/server/cotrollers/photographyController.js": {"path":"/Users/hifzhulramadhan/Documents/HK8/pase3/week3/wedding-planners/server/cotrollers/photographyController.js","statementMap":{"0":{"start":{"line":1,"column":24},"end":{"line":1,"column":44}},"1":{"start":{"line":2,"column":15},"end":{"line":2,"column":35}},"2":{"start":{"line":6,"column":4},"end":{"line":46,"column":5}},"3":{"start":{"line":7,"column":44},"end":{"line":7,"column":53}},"4":{"start":{"line":9,"column":18},"end":{"line":9,"column":20}},"5":{"start":{"line":10,"column":6},"end":{"line":16,"column":7}},"6":{"start":{"line":11,"column":8},"end":{"line":15,"column":9}},"7":{"start":{"line":17,"column":6},"end":{"line":24,"column":7}},"8":{"start":{"line":18,"column":8},"end":{"line":23,"column":10}},"9":{"start":{"line":25,"column":19},"end":{"line":25,"column":34}},"10":{"start":{"line":26,"column":6},"end":{"line":32,"column":7}},"11":{"start":{"line":27,"column":8},"end":{"line":31,"column":9}},"12":{"start":{"line":28,"column":10},"end":{"line":28,"column":37}},"13":{"start":{"line":29,"column":15},"end":{"line":31,"column":9}},"14":{"start":{"line":30,"column":10},"end":{"line":30,"column":38}},"15":{"start":{"line":34,"column":19},"end":{"line":38,"column":8}},"16":{"start":{"line":40,"column":6},"end":{"line":42,"column":7}},"17":{"start":{"line":41,"column":8},"end":{"line":41,"column":35}},"18":{"start":{"line":45,"column":6},"end":{"line":45,"column":16}},"19":{"start":{"line":49,"column":4},"end":{"line":63,"column":5}},"20":{"start":{"line":50,"column":21},"end":{"line":50,"column":31}},"21":{"start":{"line":51,"column":19},"end":{"line":51,"column":63}},"22":{"start":{"line":53,"column":6},"end":{"line":57,"column":7}},"23":{"start":{"line":54,"column":8},"end":{"line":56,"column":9}},"24":{"start":{"line":59,"column":6},"end":{"line":59,"column":33}},"25":{"start":{"line":62,"column":6},"end":{"line":62,"column":16}},"26":{"start":{"line":67,"column":0},"end":{"line":67,"column":39}}},"fnMap":{"0":{"name":"(anonymous_0)","decl":{"start":{"line":5,"column":2},"end":{"line":5,"column":3}},"loc":{"start":{"line":5,"column":51},"end":{"line":47,"column":3}},"line":5},"1":{"name":"(anonymous_1)","decl":{"start":{"line":48,"column":2},"end":{"line":48,"column":3}},"loc":{"start":{"line":48,"column":50},"end":{"line":64,"column":3}},"line":48}},"branchMap":{"0":{"loc":{"start":{"line":10,"column":6},"end":{"line":16,"column":7}},"type":"if","locations":[{"start":{"line":10,"column":6},"end":{"line":16,"column":7}},{"start":{},"end":{}}],"line":10},"1":{"loc":{"start":{"line":17,"column":6},"end":{"line":24,"column":7}},"type":"if","locations":[{"start":{"line":17,"column":6},"end":{"line":24,"column":7}},{"start":{},"end":{}}],"line":17},"2":{"loc":{"start":{"line":26,"column":6},"end":{"line":32,"column":7}},"type":"if","locations":[{"start":{"line":26,"column":6},"end":{"line":32,"column":7}},{"start":{},"end":{}}],"line":26},"3":{"loc":{"start":{"line":27,"column":8},"end":{"line":31,"column":9}},"type":"if","locations":[{"start":{"line":27,"column":8},"end":{"line":31,"column":9}},{"start":{"line":29,"column":15},"end":{"line":31,"column":9}}],"line":27},"4":{"loc":{"start":{"line":29,"column":15},"end":{"line":31,"column":9}},"type":"if","locations":[{"start":{"line":29,"column":15},"end":{"line":31,"column":9}},{"start":{},"end":{}}],"line":29},"5":{"loc":{"start":{"line":40,"column":6},"end":{"line":42,"column":7}},"type":"if","locations":[{"start":{"line":40,"column":6},"end":{"line":42,"column":7}},{"start":{},"end":{}}],"line":40},"6":{"loc":{"start":{"line":53,"column":6},"end":{"line":57,"column":7}},"type":"if","locations":[{"start":{"line":53,"column":6},"end":{"line":57,"column":7}},{"start":{},"end":{}}],"line":53}},"s":{"0":6,"1":6,"2":5,"3":5,"4":5,"5":5,"6":1,"7":5,"8":1,"9":5,"10":5,"11":2,"12":1,"13":1,"14":1,"15":5,"16":5,"17":5,"18":0,"19":3,"20":3,"21":3,"22":2,"23":1,"24":1,"25":2,"26":6},"f":{"0":5,"1":3},"b":{"0":[1,4],"1":[1,4],"2":[2,3],"3":[1,1],"4":[1,0],"5":[5,0],"6":[1,1]},"_coverageSchema":"1a1c01bbd47fc00a2c39e90264f33305004495a9","hash":"aca7af5200fb02ba62678e61dfad1d03975ecdc3"}
,"/Users/hifzhulramadhan/Documents/HK8/pase3/week3/wedding-planners/server/cotrollers/productController.js": {"path":"/Users/hifzhulramadhan/Documents/HK8/pase3/week3/wedding-planners/server/cotrollers/productController.js","statementMap":{"0":{"start":{"line":1,"column":51},"end":{"line":1,"column":71}},"1":{"start":{"line":4,"column":4},"end":{"line":20,"column":5}},"2":{"start":{"line":5,"column":19},"end":{"line":12,"column":8}},"3":{"start":{"line":14,"column":6},"end":{"line":16,"column":7}},"4":{"start":{"line":15,"column":8},"end":{"line":15,"column":35}},"5":{"start":{"line":19,"column":6},"end":{"line":19,"column":16}},"6":{"start":{"line":23,"column":4},"end":{"line":42,"column":5}},"7":{"start":{"line":24,"column":21},"end":{"line":24,"column":31}},"8":{"start":{"line":25,"column":19},"end":{"line":32,"column":8}},"9":{"start":{"line":33,"column":6},"end":{"line":37,"column":7}},"10":{"start":{"line":34,"column":8},"end":{"line":36,"column":9}},"11":{"start":{"line":38,"column":6},"end":{"line":38,"column":33}},"12":{"start":{"line":41,"column":6},"end":{"line":41,"column":16}},"13":{"start":{"line":46,"column":0},"end":{"line":46,"column":35}}},"fnMap":{"0":{"name":"(anonymous_0)","decl":{"start":{"line":3,"column":2},"end":{"line":3,"column":3}},"loc":{"start":{"line":3,"column":46},"end":{"line":21,"column":3}},"line":3},"1":{"name":"(anonymous_1)","decl":{"start":{"line":22,"column":2},"end":{"line":22,"column":3}},"loc":{"start":{"line":22,"column":46},"end":{"line":43,"column":3}},"line":22}},"branchMap":{"0":{"loc":{"start":{"line":14,"column":6},"end":{"line":16,"column":7}},"type":"if","locations":[{"start":{"line":14,"column":6},"end":{"line":16,"column":7}},{"start":{},"end":{}}],"line":14},"1":{"loc":{"start":{"line":33,"column":6},"end":{"line":37,"column":7}},"type":"if","locations":[{"start":{"line":33,"column":6},"end":{"line":37,"column":7}},{"start":{},"end":{}}],"line":33}},"s":{"0":6,"1":1,"2":1,"3":1,"4":1,"5":0,"6":3,"7":3,"8":3,"9":2,"10":1,"11":1,"12":2,"13":6},"f":{"0":1,"1":3},"b":{"0":[1,0],"1":[1,1]},"_coverageSchema":"1a1c01bbd47fc00a2c39e90264f33305004495a9","hash":"46a870c5f8551c03c9bcf1c69b560cdeaf7feb80"}
,"/Users/hifzhulramadhan/Documents/HK8/pase3/week3/wedding-planners/server/cotrollers/transactionController.js": {"path":"/Users/hifzhulramadhan/Documents/HK8/pase3/week3/wedding-planners/server/cotrollers/transactionController.js","statementMap":{"0":{"start":{"line":1,"column":39},"end":{"line":1,"column":59}},"1":{"start":{"line":2,"column":15},"end":{"line":2,"column":37}},"2":{"start":{"line":3,"column":15},"end":{"line":6,"column":2}},"3":{"start":{"line":7,"column":20},"end":{"line":7,"column":26}},"4":{"start":{"line":8,"column":10},"end":{"line":8,"column":23}},"5":{"start":{"line":13,"column":4},"end":{"line":28,"column":5}},"6":{"start":{"line":14,"column":21},"end":{"line":14,"column":39}},"7":{"start":{"line":15,"column":19},"end":{"line":17,"column":8}},"8":{"start":{"line":19,"column":6},"end":{"line":23,"column":7}},"9":{"start":{"line":20,"column":8},"end":{"line":22,"column":9}},"10":{"start":{"line":24,"column":6},"end":{"line":24,"column":33}},"11":{"start":{"line":27,"column":6},"end":{"line":27,"column":16}},"12":{"start":{"line":31,"column":4},"end":{"line":41,"column":5}},"13":{"start":{"line":32,"column":21},"end":{"line":32,"column":31}},"14":{"start":{"line":34,"column":6},"end":{"line":34,"column":74}},"15":{"start":{"line":36,"column":6},"end":{"line":38,"column":9}},"16":{"start":{"line":40,"column":6},"end":{"line":40,"column":16}},"17":{"start":{"line":45,"column":4},"end":{"line":50,"column":7}},"18":{"start":{"line":54,"column":4},"end":{"line":76,"column":5}},"19":{"start":{"line":55,"column":38},"end":{"line":55,"column":46}},"20":{"start":{"line":56,"column":28},"end":{"line":56,"column":46}},"21":{"start":{"line":57,"column":19},"end":{"line":62,"column":8}},"22":{"start":{"line":64,"column":28},"end":{"line":64,"column":52}},"23":{"start":{"line":66,"column":6},"end":{"line":66,"column":84}},"24":{"start":{"line":68,"column":6},"end":{"line":72,"column":9}},"25":{"start":{"line":75,"column":6},"end":{"line":75,"column":16}},"26":{"start":{"line":80,"column":4},"end":{"line":89,"column":5}},"27":{"start":{"line":81,"column":19},"end":{"line":81,"column":43}},"28":{"start":{"line":82,"column":6},"end":{"line":86,"column":9}},"29":{"start":{"line":88,"column":6},"end":{"line":88,"column":15}},"30":{"start":{"line":93,"column":0},"end":{"line":93,"column":39}}},"fnMap":{"0":{"name":"(anonymous_0)","decl":{"start":{"line":12,"column":2},"end":{"line":12,"column":3}},"loc":{"start":{"line":12,"column":50},"end":{"line":29,"column":3}},"line":12},"1":{"name":"(anonymous_1)","decl":{"start":{"line":30,"column":2},"end":{"line":30,"column":3}},"loc":{"start":{"line":30,"column":55},"end":{"line":42,"column":3}},"line":30},"2":{"name":"(anonymous_2)","decl":{"start":{"line":43,"column":2},"end":{"line":43,"column":3}},"loc":{"start":{"line":43,"column":65},"end":{"line":51,"column":3}},"line":43},"3":{"name":"(anonymous_3)","decl":{"start":{"line":53,"column":2},"end":{"line":53,"column":3}},"loc":{"start":{"line":53,"column":39},"end":{"line":77,"column":3}},"line":53},"4":{"name":"(anonymous_4)","decl":{"start":{"line":79,"column":2},"end":{"line":79,"column":3}},"loc":{"start":{"line":79,"column":45},"end":{"line":90,"column":3}},"line":79}},"branchMap":{"0":{"loc":{"start":{"line":19,"column":6},"end":{"line":23,"column":7}},"type":"if","locations":[{"start":{"line":19,"column":6},"end":{"line":23,"column":7}},{"start":{},"end":{}}],"line":19}},"s":{"0":6,"1":6,"2":6,"3":6,"4":6,"5":0,"6":0,"7":0,"8":0,"9":0,"10":0,"11":0,"12":0,"13":0,"14":0,"15":0,"16":0,"17":0,"18":0,"19":0,"20":0,"21":0,"22":0,"23":0,"24":0,"25":0,"26":0,"27":0,"28":0,"29":0,"30":6},"f":{"0":0,"1":0,"2":0,"3":0,"4":0},"b":{"0":[0,0]},"_coverageSchema":"1a1c01bbd47fc00a2c39e90264f33305004495a9","hash":"6998854b57efd1b466c137e97130d62ea6fd62af"}
,"/Users/hifzhulramadhan/Documents/HK8/pase3/week3/wedding-planners/server/cotrollers/userControllers.js": {"path":"/Users/hifzhulramadhan/Documents/HK8/pase3/week3/wedding-planners/server/cotrollers/userControllers.js","statementMap":{"0":{"start":{"line":1,"column":28},"end":{"line":1,"column":56}},"1":{"start":{"line":2,"column":22},"end":{"line":2,"column":47}},"2":{"start":{"line":3,"column":17},"end":{"line":3,"column":37}},"3":{"start":{"line":6,"column":4},"end":{"line":21,"column":5}},"4":{"start":{"line":7,"column":67},"end":{"line":7,"column":75}},"5":{"start":{"line":8,"column":19},"end":{"line":14,"column":8}},"6":{"start":{"line":15,"column":6},"end":{"line":18,"column":9}},"7":{"start":{"line":20,"column":6},"end":{"line":20,"column":16}},"8":{"start":{"line":24,"column":4},"end":{"line":43,"column":5}},"9":{"start":{"line":25,"column":34},"end":{"line":25,"column":42}},"10":{"start":{"line":26,"column":6},"end":{"line":26,"column":60}},"11":{"start":{"line":26,"column":31},"end":{"line":26,"column":60}},"12":{"start":{"line":27,"column":19},"end":{"line":27,"column":66}},"13":{"start":{"line":28,"column":6},"end":{"line":28,"column":46}},"14":{"start":{"line":28,"column":17},"end":{"line":28,"column":46}},"15":{"start":{"line":29,"column":6},"end":{"line":30,"column":37}},"16":{"start":{"line":30,"column":8},"end":{"line":30,"column":37}},"17":{"start":{"line":31,"column":27},"end":{"line":35,"column":8}},"18":{"start":{"line":36,"column":6},"end":{"line":39,"column":9}},"19":{"start":{"line":42,"column":6},"end":{"line":42,"column":16}},"20":{"start":{"line":46,"column":4},"end":{"line":60,"column":5}},"21":{"start":{"line":47,"column":19},"end":{"line":47,"column":37}},"22":{"start":{"line":49,"column":19},"end":{"line":56,"column":8}},"23":{"start":{"line":57,"column":6},"end":{"line":57,"column":32}},"24":{"start":{"line":59,"column":6},"end":{"line":59,"column":15}},"25":{"start":{"line":63,"column":0},"end":{"line":63,"column":32}}},"fnMap":{"0":{"name":"(anonymous_0)","decl":{"start":{"line":5,"column":2},"end":{"line":5,"column":3}},"loc":{"start":{"line":5,"column":40},"end":{"line":22,"column":3}},"line":5},"1":{"name":"(anonymous_1)","decl":{"start":{"line":23,"column":2},"end":{"line":23,"column":3}},"loc":{"start":{"line":23,"column":37},"end":{"line":44,"column":3}},"line":23},"2":{"name":"(anonymous_2)","decl":{"start":{"line":45,"column":2},"end":{"line":45,"column":3}},"loc":{"start":{"line":45,"column":39},"end":{"line":61,"column":3}},"line":45}},"branchMap":{"0":{"loc":{"start":{"line":26,"column":6},"end":{"line":26,"column":60}},"type":"if","locations":[{"start":{"line":26,"column":6},"end":{"line":26,"column":60}},{"start":{},"end":{}}],"line":26},"1":{"loc":{"start":{"line":26,"column":10},"end":{"line":26,"column":29}},"type":"binary-expr","locations":[{"start":{"line":26,"column":10},"end":{"line":26,"column":16}},{"start":{"line":26,"column":20},"end":{"line":26,"column":29}}],"line":26},"2":{"loc":{"start":{"line":28,"column":6},"end":{"line":28,"column":46}},"type":"if","locations":[{"start":{"line":28,"column":6},"end":{"line":28,"column":46}},{"start":{},"end":{}}],"line":28},"3":{"loc":{"start":{"line":29,"column":6},"end":{"line":30,"column":37}},"type":"if","locations":[{"start":{"line":29,"column":6},"end":{"line":30,"column":37}},{"start":{},"end":{}}],"line":29}},"s":{"0":6,"1":6,"2":6,"3":8,"4":8,"5":8,"6":1,"7":7,"8":5,"9":5,"10":5,"11":2,"12":3,"13":3,"14":2,"15":1,"16":0,"17":1,"18":1,"19":4,"20":1,"21":1,"22":1,"23":1,"24":0,"25":6},"f":{"0":8,"1":5,"2":1},"b":{"0":[2,3],"1":[5,4],"2":[2,1],"3":[0,1]},"_coverageSchema":"1a1c01bbd47fc00a2c39e90264f33305004495a9","hash":"77d6c714e64f416192beaaeab02f14c30190e60b"}
,"/Users/hifzhulramadhan/Documents/HK8/pase3/week3/wedding-planners/server/cotrollers/venueControllers.js": {"path":"/Users/hifzhulramadhan/Documents/HK8/pase3/week3/wedding-planners/server/cotrollers/venueControllers.js","statementMap":{"0":{"start":{"line":1,"column":18},"end":{"line":1,"column":44}},"1":{"start":{"line":2,"column":15},"end":{"line":2,"column":35}},"2":{"start":{"line":7,"column":4},"end":{"line":52,"column":5}},"3":{"start":{"line":8,"column":54},"end":{"line":8,"column":63}},"4":{"start":{"line":10,"column":18},"end":{"line":10,"column":20}},"5":{"start":{"line":11,"column":6},"end":{"line":17,"column":7}},"6":{"start":{"line":12,"column":8},"end":{"line":16,"column":9}},"7":{"start":{"line":18,"column":6},"end":{"line":23,"column":7}},"8":{"start":{"line":19,"column":8},"end":{"line":22,"column":10}},"9":{"start":{"line":24,"column":6},"end":{"line":31,"column":7}},"10":{"start":{"line":25,"column":8},"end":{"line":30,"column":10}},"11":{"start":{"line":32,"column":19},"end":{"line":32,"column":34}},"12":{"start":{"line":33,"column":6},"end":{"line":39,"column":7}},"13":{"start":{"line":34,"column":8},"end":{"line":38,"column":9}},"14":{"start":{"line":35,"column":10},"end":{"line":35,"column":37}},"15":{"start":{"line":36,"column":15},"end":{"line":38,"column":9}},"16":{"start":{"line":37,"column":10},"end":{"line":37,"column":38}},"17":{"start":{"line":41,"column":19},"end":{"line":44,"column":8}},"18":{"start":{"line":46,"column":6},"end":{"line":48,"column":7}},"19":{"start":{"line":47,"column":8},"end":{"line":47,"column":34}},"20":{"start":{"line":51,"column":6},"end":{"line":51,"column":15}},"21":{"start":{"line":56,"column":4},"end":{"line":70,"column":5}},"22":{"start":{"line":57,"column":21},"end":{"line":57,"column":31}},"23":{"start":{"line":59,"column":19},"end":{"line":59,"column":57}},"24":{"start":{"line":61,"column":6},"end":{"line":65,"column":7}},"25":{"start":{"line":62,"column":8},"end":{"line":64,"column":9}},"26":{"start":{"line":67,"column":6},"end":{"line":67,"column":32}},"27":{"start":{"line":69,"column":6},"end":{"line":69,"column":15}},"28":{"start":{"line":74,"column":0},"end":{"line":74,"column":34}}},"fnMap":{"0":{"name":"(anonymous_0)","decl":{"start":{"line":6,"column":2},"end":{"line":6,"column":3}},"loc":{"start":{"line":6,"column":38},"end":{"line":53,"column":3}},"line":6},"1":{"name":"(anonymous_1)","decl":{"start":{"line":55,"column":2},"end":{"line":55,"column":3}},"loc":{"start":{"line":55,"column":41},"end":{"line":71,"column":3}},"line":55}},"branchMap":{"0":{"loc":{"start":{"line":11,"column":6},"end":{"line":17,"column":7}},"type":"if","locations":[{"start":{"line":11,"column":6},"end":{"line":17,"column":7}},{"start":{},"end":{}}],"line":11},"1":{"loc":{"start":{"line":18,"column":6},"end":{"line":23,"column":7}},"type":"if","locations":[{"start":{"line":18,"column":6},"end":{"line":23,"column":7}},{"start":{},"end":{}}],"line":18},"2":{"loc":{"start":{"line":24,"column":6},"end":{"line":31,"column":7}},"type":"if","locations":[{"start":{"line":24,"column":6},"end":{"line":31,"column":7}},{"start":{},"end":{}}],"line":24},"3":{"loc":{"start":{"line":33,"column":6},"end":{"line":39,"column":7}},"type":"if","locations":[{"start":{"line":33,"column":6},"end":{"line":39,"column":7}},{"start":{},"end":{}}],"line":33},"4":{"loc":{"start":{"line":34,"column":8},"end":{"line":38,"column":9}},"type":"if","locations":[{"start":{"line":34,"column":8},"end":{"line":38,"column":9}},{"start":{"line":36,"column":15},"end":{"line":38,"column":9}}],"line":34},"5":{"loc":{"start":{"line":36,"column":15},"end":{"line":38,"column":9}},"type":"if","locations":[{"start":{"line":36,"column":15},"end":{"line":38,"column":9}},{"start":{},"end":{}}],"line":36},"6":{"loc":{"start":{"line":46,"column":6},"end":{"line":48,"column":7}},"type":"if","locations":[{"start":{"line":46,"column":6},"end":{"line":48,"column":7}},{"start":{},"end":{}}],"line":46},"7":{"loc":{"start":{"line":61,"column":6},"end":{"line":65,"column":7}},"type":"if","locations":[{"start":{"line":61,"column":6},"end":{"line":65,"column":7}},{"start":{},"end":{}}],"line":61}},"s":{"0":6,"1":6,"2":6,"3":6,"4":6,"5":6,"6":1,"7":6,"8":1,"9":6,"10":1,"11":6,"12":6,"13":2,"14":1,"15":1,"16":1,"17":6,"18":6,"19":6,"20":0,"21":3,"22":3,"23":3,"24":2,"25":1,"26":1,"27":2,"28":6},"f":{"0":6,"1":3},"b":{"0":[1,5],"1":[1,5],"2":[1,5],"3":[2,4],"4":[1,1],"5":[1,0],"6":[6,0],"7":[1,1]},"_coverageSchema":"1a1c01bbd47fc00a2c39e90264f33305004495a9","hash":"4afe1cc013d6fb854f17c634b4b1f776d86396ec"}
,"/Users/hifzhulramadhan/Documents/HK8/pase3/week3/wedding-planners/server/helpers/bcrypt.js": {"path":"/Users/hifzhulramadhan/Documents/HK8/pase3/week3/wedding-planners/server/helpers/bcrypt.js","statementMap":{"0":{"start":{"line":1,"column":15},"end":{"line":1,"column":32}},"1":{"start":{"line":3,"column":21},"end":{"line":6,"column":1}},"2":{"start":{"line":4,"column":15},"end":{"line":4,"column":37}},"3":{"start":{"line":5,"column":2},"end":{"line":5,"column":41}},"4":{"start":{"line":8,"column":24},"end":{"line":10,"column":1}},"5":{"start":{"line":9,"column":2},"end":{"line":9,"column":57}},"6":{"start":{"line":11,"column":0},"end":{"line":11,"column":51}}},"fnMap":{"0":{"name":"(anonymous_0)","decl":{"start":{"line":3,"column":21},"end":{"line":3,"column":22}},"loc":{"start":{"line":3,"column":35},"end":{"line":6,"column":1}},"line":3},"1":{"name":"(anonymous_1)","decl":{"start":{"line":8,"column":24},"end":{"line":8,"column":25}},"loc":{"start":{"line":8,"column":57},"end":{"line":10,"column":1}},"line":8}},"branchMap":{},"s":{"0":6,"1":6,"2":3,"3":3,"4":6,"5":1,"6":6},"f":{"0":3,"1":1},"b":{},"_coverageSchema":"1a1c01bbd47fc00a2c39e90264f33305004495a9","hash":"d28700ba4c5e8b20482a14981483852d2ae3629a"}
,"/Users/hifzhulramadhan/Documents/HK8/pase3/week3/wedding-planners/server/helpers/jwt.js": {"path":"/Users/hifzhulramadhan/Documents/HK8/pase3/week3/wedding-planners/server/helpers/jwt.js","statementMap":{"0":{"start":{"line":1,"column":12},"end":{"line":1,"column":35}},"1":{"start":{"line":2,"column":19},"end":{"line":2,"column":56}},"2":{"start":{"line":4,"column":18},"end":{"line":6,"column":1}},"3":{"start":{"line":5,"column":2},"end":{"line":5,"column":39}},"4":{"start":{"line":8,"column":20},"end":{"line":10,"column":1}},"5":{"start":{"line":9,"column":2},"end":{"line":9,"column":39}},"6":{"start":{"line":11,"column":0},"end":{"line":11,"column":44}}},"fnMap":{"0":{"name":"(anonymous_0)","decl":{"start":{"line":4,"column":18},"end":{"line":4,"column":19}},"loc":{"start":{"line":4,"column":31},"end":{"line":6,"column":1}},"line":4},"1":{"name":"(anonymous_1)","decl":{"start":{"line":8,"column":20},"end":{"line":8,"column":21}},"loc":{"start":{"line":8,"column":31},"end":{"line":10,"column":1}},"line":8}},"branchMap":{"0":{"loc":{"start":{"line":2,"column":19},"end":{"line":2,"column":56}},"type":"binary-expr","locations":[{"start":{"line":2,"column":19},"end":{"line":2,"column":41}},{"start":{"line":2,"column":45},"end":{"line":2,"column":56}}],"line":2}},"s":{"0":6,"1":6,"2":6,"3":1,"4":6,"5":4,"6":6},"f":{"0":1,"1":4},"b":{"0":[6,6]},"_coverageSchema":"1a1c01bbd47fc00a2c39e90264f33305004495a9","hash":"5b4a3761f838fe53dfc583cb4471e3d7dacbdaf1"}
,"/Users/hifzhulramadhan/Documents/HK8/pase3/week3/wedding-planners/server/lib/createDataTest.js": {"path":"/Users/hifzhulramadhan/Documents/HK8/pase3/week3/wedding-planners/server/lib/createDataTest.js","statementMap":{"0":{"start":{"line":2,"column":54},"end":{"line":2,"column":80}},"1":{"start":{"line":4,"column":17},"end":{"line":4,"column":43}},"2":{"start":{"line":5,"column":14},"end":{"line":9,"column":3}},"3":{"start":{"line":5,"column":36},"end":{"line":9,"column":1}},"4":{"start":{"line":11,"column":18},"end":{"line":11,"column":45}},"5":{"start":{"line":12,"column":13},"end":{"line":14,"column":2}},"6":{"start":{"line":13,"column":4},"end":{"line":13,"column":44}},"7":{"start":{"line":15,"column":24},"end":{"line":15,"column":57}},"8":{"start":{"line":16,"column":13},"end":{"line":18,"column":2}},"9":{"start":{"line":17,"column":4},"end":{"line":17,"column":44}},"10":{"start":{"line":19,"column":22},"end":{"line":19,"column":53}},"11":{"start":{"line":20,"column":13},"end":{"line":22,"column":2}},"12":{"start":{"line":21,"column":4},"end":{"line":21,"column":44}},"13":{"start":{"line":23,"column":20},"end":{"line":23,"column":49}},"14":{"start":{"line":24,"column":13},"end":{"line":26,"column":2}},"15":{"start":{"line":25,"column":4},"end":{"line":25,"column":44}},"16":{"start":{"line":29,"column":19},"end":{"line":31,"column":1}},"17":{"start":{"line":30,"column":4},"end":{"line":30,"column":32}},"18":{"start":{"line":33,"column":21},"end":{"line":35,"column":1}},"19":{"start":{"line":34,"column":4},"end":{"line":34,"column":33}},"20":{"start":{"line":37,"column":26},"end":{"line":39,"column":1}},"21":{"start":{"line":38,"column":4},"end":{"line":38,"column":39}},"22":{"start":{"line":41,"column":24},"end":{"line":43,"column":1}},"23":{"start":{"line":42,"column":4},"end":{"line":42,"column":37}},"24":{"start":{"line":45,"column":22},"end":{"line":47,"column":1}},"25":{"start":{"line":46,"column":4},"end":{"line":46,"column":35}},"26":{"start":{"line":50,"column":0},"end":{"line":50,"column":92}}},"fnMap":{"0":{"name":"(anonymous_0)","decl":{"start":{"line":5,"column":27},"end":{"line":5,"column":28}},"loc":{"start":{"line":5,"column":36},"end":{"line":9,"column":1}},"line":5},"1":{"name":"(anonymous_1)","decl":{"start":{"line":12,"column":27},"end":{"line":12,"column":28}},"loc":{"start":{"line":12,"column":35},"end":{"line":14,"column":1}},"line":12},"2":{"name":"(anonymous_2)","decl":{"start":{"line":16,"column":33},"end":{"line":16,"column":34}},"loc":{"start":{"line":16,"column":41},"end":{"line":18,"column":1}},"line":16},"3":{"name":"(anonymous_3)","decl":{"start":{"line":20,"column":31},"end":{"line":20,"column":32}},"loc":{"start":{"line":20,"column":39},"end":{"line":22,"column":1}},"line":20},"4":{"name":"(anonymous_4)","decl":{"start":{"line":24,"column":29},"end":{"line":24,"column":30}},"loc":{"start":{"line":24,"column":37},"end":{"line":26,"column":1}},"line":24},"5":{"name":"(anonymous_5)","decl":{"start":{"line":29,"column":19},"end":{"line":29,"column":20}},"loc":{"start":{"line":29,"column":31},"end":{"line":31,"column":1}},"line":29},"6":{"name":"(anonymous_6)","decl":{"start":{"line":33,"column":21},"end":{"line":33,"column":22}},"loc":{"start":{"line":33,"column":33},"end":{"line":35,"column":1}},"line":33},"7":{"name":"(anonymous_7)","decl":{"start":{"line":37,"column":26},"end":{"line":37,"column":27}},"loc":{"start":{"line":37,"column":38},"end":{"line":39,"column":1}},"line":37},"8":{"name":"(anonymous_8)","decl":{"start":{"line":41,"column":24},"end":{"line":41,"column":25}},"loc":{"start":{"line":41,"column":36},"end":{"line":43,"column":1}},"line":41},"9":{"name":"(anonymous_9)","decl":{"start":{"line":45,"column":22},"end":{"line":45,"column":23}},"loc":{"start":{"line":45,"column":34},"end":{"line":47,"column":1}},"line":45}},"branchMap":{},"s":{"0":5,"1":5,"2":5,"3":10,"4":5,"5":5,"6":105,"7":5,"8":5,"9":50,"10":5,"11":5,"12":25,"13":5,"14":5,"15":100,"16":5,"17":1,"18":5,"19":3,"20":5,"21":3,"22":5,"23":3,"24":5,"25":2,"26":5},"f":{"0":10,"1":105,"2":50,"3":25,"4":100,"5":1,"6":3,"7":3,"8":3,"9":2},"b":{},"_coverageSchema":"1a1c01bbd47fc00a2c39e90264f33305004495a9","hash":"9d969e20081be0e13710783fbf5df3b1c685f3b9"}
,"/Users/hifzhulramadhan/Documents/HK8/pase3/week3/wedding-planners/server/lib/deleteDataTest.js": {"path":"/Users/hifzhulramadhan/Documents/HK8/pase3/week3/wedding-planners/server/lib/deleteDataTest.js","statementMap":{"0":{"start":{"line":1,"column":22},"end":{"line":1,"column":42}},"1":{"start":{"line":3,"column":19},"end":{"line":7,"column":1}},"2":{"start":{"line":4,"column":2},"end":{"line":6,"column":4}},"3":{"start":{"line":8,"column":20},"end":{"line":12,"column":1}},"4":{"start":{"line":9,"column":2},"end":{"line":11,"column":4}},"5":{"start":{"line":13,"column":22},"end":{"line":17,"column":1}},"6":{"start":{"line":14,"column":2},"end":{"line":16,"column":4}},"7":{"start":{"line":18,"column":24},"end":{"line":22,"column":1}},"8":{"start":{"line":19,"column":2},"end":{"line":21,"column":4}},"9":{"start":{"line":23,"column":26},"end":{"line":27,"column":1}},"10":{"start":{"line":24,"column":2},"end":{"line":26,"column":4}},"11":{"start":{"line":28,"column":19},"end":{"line":32,"column":1}},"12":{"start":{"line":29,"column":2},"end":{"line":31,"column":4}},"13":{"start":{"line":33,"column":26},"end":{"line":37,"column":1}},"14":{"start":{"line":34,"column":2},"end":{"line":36,"column":4}},"15":{"start":{"line":40,"column":0},"end":{"line":40,"column":126}}},"fnMap":{"0":{"name":"(anonymous_0)","decl":{"start":{"line":3,"column":19},"end":{"line":3,"column":20}},"loc":{"start":{"line":3,"column":31},"end":{"line":7,"column":1}},"line":3},"1":{"name":"(anonymous_1)","decl":{"start":{"line":8,"column":20},"end":{"line":8,"column":21}},"loc":{"start":{"line":8,"column":32},"end":{"line":12,"column":1}},"line":8},"2":{"name":"(anonymous_2)","decl":{"start":{"line":13,"column":22},"end":{"line":13,"column":23}},"loc":{"start":{"line":13,"column":34},"end":{"line":17,"column":1}},"line":13},"3":{"name":"(anonymous_3)","decl":{"start":{"line":18,"column":24},"end":{"line":18,"column":25}},"loc":{"start":{"line":18,"column":36},"end":{"line":22,"column":1}},"line":18},"4":{"name":"(anonymous_4)","decl":{"start":{"line":23,"column":26},"end":{"line":23,"column":27}},"loc":{"start":{"line":23,"column":38},"end":{"line":27,"column":1}},"line":23},"5":{"name":"(anonymous_5)","decl":{"start":{"line":28,"column":19},"end":{"line":28,"column":20}},"loc":{"start":{"line":28,"column":31},"end":{"line":32,"column":1}},"line":28},"6":{"name":"(anonymous_6)","decl":{"start":{"line":33,"column":26},"end":{"line":33,"column":27}},"loc":{"start":{"line":33,"column":38},"end":{"line":37,"column":1}},"line":33}},"branchMap":{},"s":{"0":6,"1":6,"2":2,"3":6,"4":3,"5":6,"6":2,"7":6,"8":3,"9":6,"10":3,"11":6,"12":0,"13":6,"14":0,"15":6},"f":{"0":2,"1":3,"2":2,"3":3,"4":3,"5":0,"6":0},"b":{},"_coverageSchema":"1a1c01bbd47fc00a2c39e90264f33305004495a9","hash":"af39e5dc92a8a7b73f00657295fa5abf54e1cf51"}
,"/Users/hifzhulramadhan/Documents/HK8/pase3/week3/wedding-planners/server/middleware/authentication.js": {"path":"/Users/hifzhulramadhan/Documents/HK8/pase3/week3/wedding-planners/server/middleware/authentication.js","statementMap":{"0":{"start":{"line":1,"column":24},"end":{"line":1,"column":49}},"1":{"start":{"line":2,"column":17},"end":{"line":2,"column":43}},"2":{"start":{"line":5,"column":13},"end":{"line":30,"column":1}},"3":{"start":{"line":6,"column":2},"end":{"line":29,"column":3}},"4":{"start":{"line":7,"column":29},"end":{"line":7,"column":40}},"5":{"start":{"line":9,"column":4},"end":{"line":13,"column":5}},"6":{"start":{"line":10,"column":6},"end":{"line":12,"column":7}},"7":{"start":{"line":15,"column":20},"end":{"line":15,"column":45}},"8":{"start":{"line":17,"column":22},"end":{"line":17,"column":53}},"9":{"start":{"line":18,"column":4},"end":{"line":22,"column":5}},"10":{"start":{"line":19,"column":6},"end":{"line":21,"column":7}},"11":{"start":{"line":24,"column":4},"end":{"line":24,"column":32}},"12":{"start":{"line":26,"column":4},"end":{"line":26,"column":10}},"13":{"start":{"line":28,"column":4},"end":{"line":28,"column":13}},"14":{"start":{"line":32,"column":0},"end":{"line":32,"column":21}}},"fnMap":{"0":{"name":"(anonymous_0)","decl":{"start":{"line":5,"column":13},"end":{"line":5,"column":14}},"loc":{"start":{"line":5,"column":39},"end":{"line":30,"column":1}},"line":5}},"branchMap":{"0":{"loc":{"start":{"line":9,"column":4},"end":{"line":13,"column":5}},"type":"if","locations":[{"start":{"line":9,"column":4},"end":{"line":13,"column":5}},{"start":{},"end":{}}],"line":9},"1":{"loc":{"start":{"line":18,"column":4},"end":{"line":22,"column":5}},"type":"if","locations":[{"start":{"line":18,"column":4},"end":{"line":22,"column":5}},{"start":{},"end":{}}],"line":18}},"s":{"0":6,"1":6,"2":6,"3":5,"4":5,"5":5,"6":1,"7":4,"8":3,"9":3,"10":1,"11":2,"12":2,"13":3,"14":6},"f":{"0":5},"b":{"0":[1,4],"1":[1,2]},"_coverageSchema":"1a1c01bbd47fc00a2c39e90264f33305004495a9","hash":"c17a4e46ae29fe2eae5b7dcef9eedbbbc8ee3aa9"}
,"/Users/hifzhulramadhan/Documents/HK8/pase3/week3/wedding-planners/server/middleware/errorHandling.js": {"path":"/Users/hifzhulramadhan/Documents/HK8/pase3/week3/wedding-planners/server/middleware/errorHandling.js","statementMap":{"0":{"start":{"line":1,"column":22},"end":{"line":82,"column":1}},"1":{"start":{"line":2,"column":2},"end":{"line":2,"column":41}},"2":{"start":{"line":3,"column":2},"end":{"line":81,"column":3}},"3":{"start":{"line":5,"column":20},"end":{"line":7,"column":8}},"4":{"start":{"line":6,"column":8},"end":{"line":6,"column":25}},"5":{"start":{"line":8,"column":6},"end":{"line":12,"column":7}},"6":{"start":{"line":9,"column":8},"end":{"line":9,"column":28}},"7":{"start":{"line":11,"column":8},"end":{"line":11,"column":28}},"8":{"start":{"line":13,"column":6},"end":{"line":15,"column":8}},"9":{"start":{"line":16,"column":6},"end":{"line":16,"column":12}},"10":{"start":{"line":19,"column":21},"end":{"line":21,"column":8}},"11":{"start":{"line":20,"column":8},"end":{"line":20,"column":25}},"12":{"start":{"line":22,"column":6},"end":{"line":26,"column":7}},"13":{"start":{"line":23,"column":8},"end":{"line":23,"column":30}},"14":{"start":{"line":25,"column":8},"end":{"line":25,"column":30}},"15":{"start":{"line":27,"column":6},"end":{"line":29,"column":8}},"16":{"start":{"line":30,"column":6},"end":{"line":30,"column":12}},"17":{"start":{"line":32,"column":6},"end":{"line":34,"column":9}},"18":{"start":{"line":35,"column":6},"end":{"line":35,"column":12}},"19":{"start":{"line":37,"column":6},"end":{"line":39,"column":8}},"20":{"start":{"line":40,"column":6},"end":{"line":40,"column":12}},"21":{"start":{"line":42,"column":6},"end":{"line":44,"column":9}},"22":{"start":{"line":45,"column":6},"end":{"line":45,"column":12}},"23":{"start":{"line":47,"column":6},"end":{"line":49,"column":9}},"24":{"start":{"line":50,"column":6},"end":{"line":50,"column":12}},"25":{"start":{"line":52,"column":6},"end":{"line":54,"column":9}},"26":{"start":{"line":55,"column":6},"end":{"line":55,"column":12}},"27":{"start":{"line":57,"column":6},"end":{"line":59,"column":9}},"28":{"start":{"line":60,"column":6},"end":{"line":60,"column":12}},"29":{"start":{"line":62,"column":6},"end":{"line":64,"column":9}},"30":{"start":{"line":65,"column":6},"end":{"line":65,"column":12}},"31":{"start":{"line":67,"column":6},"end":{"line":69,"column":9}},"32":{"start":{"line":70,"column":6},"end":{"line":70,"column":12}},"33":{"start":{"line":72,"column":6},"end":{"line":74,"column":9}},"34":{"start":{"line":75,"column":6},"end":{"line":75,"column":12}},"35":{"start":{"line":77,"column":6},"end":{"line":79,"column":9}},"36":{"start":{"line":80,"column":6},"end":{"line":80,"column":12}},"37":{"start":{"line":84,"column":0},"end":{"line":84,"column":31}}},"fnMap":{"0":{"name":"(anonymous_0)","decl":{"start":{"line":1,"column":22},"end":{"line":1,"column":23}},"loc":{"start":{"line":1,"column":53},"end":{"line":82,"column":1}},"line":1},"1":{"name":"(anonymous_1)","decl":{"start":{"line":5,"column":35},"end":{"line":5,"column":36}},"loc":{"start":{"line":5,"column":43},"end":{"line":7,"column":7}},"line":5},"2":{"name":"(anonymous_2)","decl":{"start":{"line":19,"column":36},"end":{"line":19,"column":37}},"loc":{"start":{"line":19,"column":44},"end":{"line":21,"column":7}},"line":19}},"branchMap":{"0":{"loc":{"start":{"line":3,"column":2},"end":{"line":81,"column":3}},"type":"switch","locations":[{"start":{"line":4,"column":4},"end":{"line":16,"column":12}},{"start":{"line":18,"column":4},"end":{"line":30,"column":12}},{"start":{"line":31,"column":4},"end":{"line":35,"column":12}},{"start":{"line":36,"column":4},"end":{"line":40,"column":12}},{"start":{"line":41,"column":4},"end":{"line":45,"column":12}},{"start":{"line":46,"column":4},"end":{"line":50,"column":12}},{"start":{"line":51,"column":4},"end":{"line":55,"column":12}},{"start":{"line":56,"column":4},"end":{"line":60,"column":12}},{"start":{"line":61,"column":4},"end":{"line":65,"column":12}},{"start":{"line":66,"column":4},"end":{"line":70,"column":12}},{"start":{"line":71,"column":4},"end":{"line":75,"column":12}},{"start":{"line":76,"column":4},"end":{"line":80,"column":12}}],"line":3},"1":{"loc":{"start":{"line":8,"column":6},"end":{"line":12,"column":7}},"type":"if","locations":[{"start":{"line":8,"column":6},"end":{"line":12,"column":7}},{"start":{"line":10,"column":13},"end":{"line":12,"column":7}}],"line":8},"2":{"loc":{"start":{"line":22,"column":6},"end":{"line":26,"column":7}},"type":"if","locations":[{"start":{"line":22,"column":6},"end":{"line":26,"column":7}},{"start":{"line":24,"column":13},"end":{"line":26,"column":7}}],"line":22}},"s":{"0":6,"1":22,"2":22,"3":5,"4":7,"5":5,"6":2,"7":3,"8":5,"9":5,"10":2,"11":2,"12":2,"13":0,"14":2,"15":2,"16":2,"17":4,"18":4,"19":2,"20":2,"21":1,"22":1,"23":1,"24":1,"25":1,"26":1,"27":1,"28":1,"29":0,"30":0,"31":0,"32":0,"33":1,"34":1,"35":4,"36":4,"37":6},"f":{"0":22,"1":7,"2":2},"b":{"0":[5,2,4,2,1,1,1,1,0,0,1,4],"1":[2,3],"2":[0,2]},"_coverageSchema":"1a1c01bbd47fc00a2c39e90264f33305004495a9","hash":"2248f31446d9428ffd794951fd5dca13afa04bde"}
,"/Users/hifzhulramadhan/Documents/HK8/pase3/week3/wedding-planners/server/models/cart.js": {"path":"/Users/hifzhulramadhan/Documents/HK8/pase3/week3/wedding-planners/server/models/cart.js","statementMap":{"0":{"start":{"line":4,"column":4},"end":{"line":4,"column":24}},"1":{"start":{"line":5,"column":0},"end":{"line":30,"column":2}},"2":{"start":{"line":8,"column":6},"end":{"line":8,"column":34}},"3":{"start":{"line":9,"column":6},"end":{"line":9,"column":41}},"4":{"start":{"line":10,"column":6},"end":{"line":10,"column":35}},"5":{"start":{"line":11,"column":6},"end":{"line":11,"column":39}},"6":{"start":{"line":14,"column":2},"end":{"line":25,"column":5}},"7":{"start":{"line":26,"column":2},"end":{"line":28,"column":4}},"8":{"start":{"line":27,"column":4},"end":{"line":27,"column":27}},"9":{"start":{"line":29,"column":2},"end":{"line":29,"column":14}}},"fnMap":{"0":{"name":"(anonymous_0)","decl":{"start":{"line":5,"column":17},"end":{"line":5,"column":18}},"loc":{"start":{"line":5,"column":43},"end":{"line":30,"column":1}},"line":5},"1":{"name":"(anonymous_1)","decl":{"start":{"line":7,"column":4},"end":{"line":7,"column":5}},"loc":{"start":{"line":7,"column":29},"end":{"line":12,"column":5}},"line":7},"2":{"name":"(anonymous_2)","decl":{"start":{"line":26,"column":24},"end":{"line":26,"column":25}},"loc":{"start":{"line":26,"column":34},"end":{"line":28,"column":3}},"line":26}},"branchMap":{},"s":{"0":6,"1":6,"2":6,"3":6,"4":6,"5":6,"6":6,"7":6,"8":0,"9":6},"f":{"0":6,"1":6,"2":0},"b":{},"_coverageSchema":"1a1c01bbd47fc00a2c39e90264f33305004495a9","hash":"696a0bea3280ac4c8a2cf061959a701651f3b0ff"}
,"/Users/hifzhulramadhan/Documents/HK8/pase3/week3/wedding-planners/server/models/cathering.js": {"path":"/Users/hifzhulramadhan/Documents/HK8/pase3/week3/wedding-planners/server/models/cathering.js","statementMap":{"0":{"start":{"line":4,"column":4},"end":{"line":4,"column":24}},"1":{"start":{"line":5,"column":0},"end":{"line":23,"column":2}},"2":{"start":{"line":9,"column":6},"end":{"line":9,"column":37}},"3":{"start":{"line":10,"column":6},"end":{"line":10,"column":40}},"4":{"start":{"line":13,"column":2},"end":{"line":21,"column":5}},"5":{"start":{"line":22,"column":2},"end":{"line":22,"column":19}}},"fnMap":{"0":{"name":"(anonymous_0)","decl":{"start":{"line":5,"column":17},"end":{"line":5,"column":18}},"loc":{"start":{"line":5,"column":43},"end":{"line":23,"column":1}},"line":5},"1":{"name":"(anonymous_1)","decl":{"start":{"line":8,"column":4},"end":{"line":8,"column":5}},"loc":{"start":{"line":8,"column":29},"end":{"line":11,"column":5}},"line":8}},"branchMap":{},"s":{"0":6,"1":6,"2":6,"3":6,"4":6,"5":6},"f":{"0":6,"1":6},"b":{},"_coverageSchema":"1a1c01bbd47fc00a2c39e90264f33305004495a9","hash":"761c999302b920571e9211b0cdb569948d881232"}
,"/Users/hifzhulramadhan/Documents/HK8/pase3/week3/wedding-planners/server/models/index.js": {"path":"/Users/hifzhulramadhan/Documents/HK8/pase3/week3/wedding-planners/server/models/index.js","statementMap":{"0":{"start":{"line":3,"column":11},"end":{"line":3,"column":24}},"1":{"start":{"line":4,"column":13},"end":{"line":4,"column":28}},"2":{"start":{"line":5,"column":18},"end":{"line":5,"column":38}},"3":{"start":{"line":6,"column":16},"end":{"line":6,"column":34}},"4":{"start":{"line":7,"column":17},"end":{"line":7,"column":42}},"5":{"start":{"line":8,"column":12},"end":{"line":8,"column":49}},"6":{"start":{"line":9,"column":15},"end":{"line":9,"column":65}},"7":{"start":{"line":10,"column":11},"end":{"line":10,"column":13}},"8":{"start":{"line":13,"column":0},"end":{"line":17,"column":1}},"9":{"start":{"line":14,"column":2},"end":{"line":14,"column":74}},"10":{"start":{"line":16,"column":2},"end":{"line":16,"column":87}},"11":{"start":{"line":19,"column":0},"end":{"line":32,"column":5}},"12":{"start":{"line":22,"column":4},"end":{"line":27,"column":6}},"13":{"start":{"line":30,"column":18},"end":{"line":30,"column":85}},"14":{"start":{"line":31,"column":4},"end":{"line":31,"column":27}},"15":{"start":{"line":34,"column":0},"end":{"line":38,"column":3}},"16":{"start":{"line":35,"column":2},"end":{"line":37,"column":3}},"17":{"start":{"line":36,"column":4},"end":{"line":36,"column":32}},"18":{"start":{"line":40,"column":0},"end":{"line":40,"column":25}},"19":{"start":{"line":41,"column":0},"end":{"line":41,"column":25}},"20":{"start":{"line":43,"column":0},"end":{"line":43,"column":20}}},"fnMap":{"0":{"name":"(anonymous_0)","decl":{"start":{"line":21,"column":10},"end":{"line":21,"column":11}},"loc":{"start":{"line":21,"column":18},"end":{"line":28,"column":3}},"line":21},"1":{"name":"(anonymous_1)","decl":{"start":{"line":29,"column":11},"end":{"line":29,"column":12}},"loc":{"start":{"line":29,"column":19},"end":{"line":32,"column":3}},"line":29},"2":{"name":"(anonymous_2)","decl":{"start":{"line":34,"column":24},"end":{"line":34,"column":25}},"loc":{"start":{"line":34,"column":37},"end":{"line":38,"column":1}},"line":34}},"branchMap":{"0":{"loc":{"start":{"line":8,"column":12},"end":{"line":8,"column":49}},"type":"binary-expr","locations":[{"start":{"line":8,"column":12},"end":{"line":8,"column":32}},{"start":{"line":8,"column":36},"end":{"line":8,"column":49}}],"line":8},"1":{"loc":{"start":{"line":13,"column":0},"end":{"line":17,"column":1}},"type":"if","locations":[{"start":{"line":13,"column":0},"end":{"line":17,"column":1}},{"start":{"line":15,"column":7},"end":{"line":17,"column":1}}],"line":13},"2":{"loc":{"start":{"line":23,"column":6},"end":{"line":26,"column":37}},"type":"binary-expr","locations":[{"start":{"line":23,"column":6},"end":{"line":23,"column":29}},{"start":{"line":24,"column":6},"end":{"line":24,"column":23}},{"start":{"line":25,"column":6},"end":{"line":25,"column":30}},{"start":{"line":26,"column":6},"end":{"line":26,"column":37}}],"line":23},"3":{"loc":{"start":{"line":35,"column":2},"end":{"line":37,"column":3}},"type":"if","locations":[{"start":{"line":35,"column":2},"end":{"line":37,"column":3}},{"start":{},"end":{}}],"line":35}},"s":{"0":6,"1":6,"2":6,"3":6,"4":6,"5":6,"6":6,"7":6,"8":6,"9":0,"10":6,"11":6,"12":48,"13":42,"14":42,"15":6,"16":42,"17":42,"18":6,"19":6,"20":6},"f":{"0":48,"1":42,"2":42},"b":{"0":[6,0],"1":[0,6],"2":[48,48,42,42],"3":[42,0]},"_coverageSchema":"1a1c01bbd47fc00a2c39e90264f33305004495a9","hash":"ed17d16dca7aa06f6d42adc6c62d049c93351dd3"}
,"/Users/hifzhulramadhan/Documents/HK8/pase3/week3/wedding-planners/server/models/photography.js": {"path":"/Users/hifzhulramadhan/Documents/HK8/pase3/week3/wedding-planners/server/models/photography.js","statementMap":{"0":{"start":{"line":4,"column":4},"end":{"line":4,"column":24}},"1":{"start":{"line":5,"column":0},"end":{"line":23,"column":2}},"2":{"start":{"line":9,"column":6},"end":{"line":9,"column":39}},"3":{"start":{"line":10,"column":6},"end":{"line":10,"column":42}},"4":{"start":{"line":13,"column":2},"end":{"line":21,"column":5}},"5":{"start":{"line":22,"column":2},"end":{"line":22,"column":21}}},"fnMap":{"0":{"name":"(anonymous_0)","decl":{"start":{"line":5,"column":17},"end":{"line":5,"column":18}},"loc":{"start":{"line":5,"column":43},"end":{"line":23,"column":1}},"line":5},"1":{"name":"(anonymous_1)","decl":{"start":{"line":8,"column":4},"end":{"line":8,"column":5}},"loc":{"start":{"line":8,"column":29},"end":{"line":11,"column":5}},"line":8}},"branchMap":{},"s":{"0":6,"1":6,"2":6,"3":6,"4":6,"5":6},"f":{"0":6,"1":6},"b":{},"_coverageSchema":"1a1c01bbd47fc00a2c39e90264f33305004495a9","hash":"375d5a4d6f58463542b96241ae88dae7e201049b"}
,"/Users/hifzhulramadhan/Documents/HK8/pase3/week3/wedding-planners/server/models/product.js": {"path":"/Users/hifzhulramadhan/Documents/HK8/pase3/week3/wedding-planners/server/models/product.js","statementMap":{"0":{"start":{"line":4,"column":4},"end":{"line":4,"column":24}},"1":{"start":{"line":5,"column":0},"end":{"line":28,"column":2}},"2":{"start":{"line":8,"column":6},"end":{"line":8,"column":44}},"3":{"start":{"line":9,"column":6},"end":{"line":9,"column":38}},"4":{"start":{"line":10,"column":6},"end":{"line":10,"column":42}},"5":{"start":{"line":14,"column":2},"end":{"line":26,"column":5}},"6":{"start":{"line":27,"column":2},"end":{"line":27,"column":17}}},"fnMap":{"0":{"name":"(anonymous_0)","decl":{"start":{"line":5,"column":17},"end":{"line":5,"column":18}},"loc":{"start":{"line":5,"column":43},"end":{"line":28,"column":1}},"line":5},"1":{"name":"(anonymous_1)","decl":{"start":{"line":7,"column":4},"end":{"line":7,"column":5}},"loc":{"start":{"line":7,"column":29},"end":{"line":12,"column":5}},"line":7}},"branchMap":{},"s":{"0":6,"1":6,"2":6,"3":6,"4":6,"5":6,"6":6},"f":{"0":6,"1":6},"b":{},"_coverageSchema":"1a1c01bbd47fc00a2c39e90264f33305004495a9","hash":"1212bba8efd39f4bb445706aa20bb91f5d67b348"}
,"/Users/hifzhulramadhan/Documents/HK8/pase3/week3/wedding-planners/server/models/transaction.js": {"path":"/Users/hifzhulramadhan/Documents/HK8/pase3/week3/wedding-planners/server/models/transaction.js","statementMap":{"0":{"start":{"line":4,"column":4},"end":{"line":4,"column":24}},"1":{"start":{"line":5,"column":0},"end":{"line":26,"column":2}},"2":{"start":{"line":9,"column":6},"end":{"line":9,"column":41}},"3":{"start":{"line":12,"column":2},"end":{"line":21,"column":5}},"4":{"start":{"line":22,"column":2},"end":{"line":24,"column":4}},"5":{"start":{"line":23,"column":4},"end":{"line":23,"column":28}},"6":{"start":{"line":25,"column":2},"end":{"line":25,"column":21}}},"fnMap":{"0":{"name":"(anonymous_0)","decl":{"start":{"line":5,"column":17},"end":{"line":5,"column":18}},"loc":{"start":{"line":5,"column":43},"end":{"line":26,"column":1}},"line":5},"1":{"name":"(anonymous_1)","decl":{"start":{"line":8,"column":4},"end":{"line":8,"column":5}},"loc":{"start":{"line":8,"column":29},"end":{"line":10,"column":5}},"line":8},"2":{"name":"(anonymous_2)","decl":{"start":{"line":22,"column":27},"end":{"line":22,"column":28}},"loc":{"start":{"line":22,"column":38},"end":{"line":24,"column":3}},"line":22}},"branchMap":{},"s":{"0":6,"1":6,"2":6,"3":6,"4":6,"5":0,"6":6},"f":{"0":6,"1":6,"2":0},"b":{},"_coverageSchema":"1a1c01bbd47fc00a2c39e90264f33305004495a9","hash":"93bf2fd207df8450144a82631f57d49cecaf8611"}
,"/Users/hifzhulramadhan/Documents/HK8/pase3/week3/wedding-planners/server/models/user.js": {"path":"/Users/hifzhulramadhan/Documents/HK8/pase3/week3/wedding-planners/server/models/user.js","statementMap":{"0":{"start":{"line":2,"column":18},"end":{"line":2,"column":38}},"1":{"start":{"line":3,"column":25},"end":{"line":3,"column":53}},"2":{"start":{"line":4,"column":0},"end":{"line":67,"column":2}},"3":{"start":{"line":7,"column":6},"end":{"line":7,"column":39}},"4":{"start":{"line":8,"column":6},"end":{"line":8,"column":32}},"5":{"start":{"line":11,"column":2},"end":{"line":61,"column":4}},"6":{"start":{"line":62,"column":2},"end":{"line":65,"column":5}},"7":{"start":{"line":63,"column":4},"end":{"line":63,"column":70}},"8":{"start":{"line":64,"column":4},"end":{"line":64,"column":38}},"9":{"start":{"line":66,"column":2},"end":{"line":66,"column":14}}},"fnMap":{"0":{"name":"(anonymous_0)","decl":{"start":{"line":4,"column":17},"end":{"line":4,"column":18}},"loc":{"start":{"line":4,"column":43},"end":{"line":67,"column":1}},"line":4},"1":{"name":"(anonymous_1)","decl":{"start":{"line":6,"column":4},"end":{"line":6,"column":5}},"loc":{"start":{"line":6,"column":29},"end":{"line":9,"column":5}},"line":6},"2":{"name":"(anonymous_2)","decl":{"start":{"line":62,"column":20},"end":{"line":62,"column":21}},"loc":{"start":{"line":62,"column":30},"end":{"line":65,"column":3}},"line":62}},"branchMap":{},"s":{"0":6,"1":6,"2":6,"3":6,"4":6,"5":6,"6":6,"7":3,"8":3,"9":6},"f":{"0":6,"1":6,"2":3},"b":{},"_coverageSchema":"1a1c01bbd47fc00a2c39e90264f33305004495a9","hash":"1bd9b0e2825f7d1bb0cbf3a50df1ccfd334421d1"}
,"/Users/hifzhulramadhan/Documents/HK8/pase3/week3/wedding-planners/server/models/venue.js": {"path":"/Users/hifzhulramadhan/Documents/HK8/pase3/week3/wedding-planners/server/models/venue.js","statementMap":{"0":{"start":{"line":4,"column":4},"end":{"line":4,"column":24}},"1":{"start":{"line":5,"column":0},"end":{"line":27,"column":2}},"2":{"start":{"line":9,"column":6},"end":{"line":9,"column":33}},"3":{"start":{"line":10,"column":6},"end":{"line":10,"column":36}},"4":{"start":{"line":13,"column":2},"end":{"line":25,"column":5}},"5":{"start":{"line":26,"column":2},"end":{"line":26,"column":15}}},"fnMap":{"0":{"name":"(anonymous_0)","decl":{"start":{"line":5,"column":17},"end":{"line":5,"column":18}},"loc":{"start":{"line":5,"column":43},"end":{"line":27,"column":1}},"line":5},"1":{"name":"(anonymous_1)","decl":{"start":{"line":8,"column":4},"end":{"line":8,"column":5}},"loc":{"start":{"line":8,"column":29},"end":{"line":11,"column":5}},"line":8}},"branchMap":{},"s":{"0":6,"1":6,"2":6,"3":6,"4":6,"5":6},"f":{"0":6,"1":6},"b":{},"_coverageSchema":"1a1c01bbd47fc00a2c39e90264f33305004495a9","hash":"0ab1505e5d3c4594e40ccdd2198690eb3cce0a45"}
,"/Users/hifzhulramadhan/Documents/HK8/pase3/week3/wedding-planners/server/router/cart.js": {"path":"/Users/hifzhulramadhan/Documents/HK8/pase3/week3/wedding-planners/server/router/cart.js","statementMap":{"0":{"start":{"line":1,"column":16},"end":{"line":1,"column":34}},"1":{"start":{"line":2,"column":24},"end":{"line":2,"column":63}},"2":{"start":{"line":3,"column":15},"end":{"line":3,"column":31}},"3":{"start":{"line":5,"column":0},"end":{"line":5,"column":40}},"4":{"start":{"line":6,"column":0},"end":{"line":6,"column":44}},"5":{"start":{"line":7,"column":0},"end":{"line":7,"column":58}},"6":{"start":{"line":8,"column":0},"end":{"line":8,"column":50}},"7":{"start":{"line":9,"column":0},"end":{"line":9,"column":53}},"8":{"start":{"line":11,"column":0},"end":{"line":11,"column":24}}},"fnMap":{},"branchMap":{},"s":{"0":6,"1":6,"2":6,"3":6,"4":6,"5":6,"6":6,"7":6,"8":6},"f":{},"b":{},"_coverageSchema":"1a1c01bbd47fc00a2c39e90264f33305004495a9","hash":"0c2de68d802832d729b9795d64e73308189bfb4d"}
,"/Users/hifzhulramadhan/Documents/HK8/pase3/week3/wedding-planners/server/router/cathering.js": {"path":"/Users/hifzhulramadhan/Documents/HK8/pase3/week3/wedding-planners/server/router/cathering.js","statementMap":{"0":{"start":{"line":1,"column":16},"end":{"line":1,"column":34}},"1":{"start":{"line":2,"column":28},"end":{"line":2,"column":72}},"2":{"start":{"line":3,"column":15},"end":{"line":3,"column":31}},"3":{"start":{"line":5,"column":0},"end":{"line":5,"column":53}},"4":{"start":{"line":6,"column":0},"end":{"line":6,"column":57}},"5":{"start":{"line":7,"column":0},"end":{"line":7,"column":24}}},"fnMap":{},"branchMap":{},"s":{"0":6,"1":6,"2":6,"3":6,"4":6,"5":6},"f":{},"b":{},"_coverageSchema":"1a1c01bbd47fc00a2c39e90264f33305004495a9","hash":"f55f1d1d3eb402e75f0a2a226da99754998e47d4"}
,"/Users/hifzhulramadhan/Documents/HK8/pase3/week3/wedding-planners/server/router/index.js": {"path":"/Users/hifzhulramadhan/Documents/HK8/pase3/week3/wedding-planners/server/router/index.js","statementMap":{"0":{"start":{"line":1,"column":16},"end":{"line":1,"column":34}},"1":{"start":{"line":2,"column":15},"end":{"line":2,"column":31}},"2":{"start":{"line":4,"column":19},"end":{"line":4,"column":36}},"3":{"start":{"line":5,"column":20},"end":{"line":5,"column":38}},"4":{"start":{"line":6,"column":24},"end":{"line":6,"column":46}},"5":{"start":{"line":7,"column":26},"end":{"line":7,"column":50}},"6":{"start":{"line":8,"column":22},"end":{"line":8,"column":42}},"7":{"start":{"line":9,"column":19},"end":{"line":9,"column":36}},"8":{"start":{"line":10,"column":13},"end":{"line":10,"column":52}},"9":{"start":{"line":11,"column":26},"end":{"line":11,"column":50}},"10":{"start":{"line":13,"column":0},"end":{"line":13,"column":33}},"11":{"start":{"line":14,"column":0},"end":{"line":14,"column":35}},"12":{"start":{"line":15,"column":0},"end":{"line":15,"column":43}},"13":{"start":{"line":16,"column":0},"end":{"line":16,"column":48}},"14":{"start":{"line":17,"column":0},"end":{"line":17,"column":39}},"15":{"start":{"line":18,"column":0},"end":{"line":18,"column":16}},"16":{"start":{"line":19,"column":0},"end":{"line":19,"column":33}},"17":{"start":{"line":20,"column":0},"end":{"line":20,"column":47}},"18":{"start":{"line":22,"column":0},"end":{"line":22,"column":24}}},"fnMap":{},"branchMap":{},"s":{"0":6,"1":6,"2":6,"3":6,"4":6,"5":6,"6":6,"7":6,"8":6,"9":6,"10":6,"11":6,"12":6,"13":6,"14":6,"15":6,"16":6,"17":6,"18":6},"f":{},"b":{},"_coverageSchema":"1a1c01bbd47fc00a2c39e90264f33305004495a9","hash":"687258cd211e7eea9a9c5fa2c081929398215950"}
,"/Users/hifzhulramadhan/Documents/HK8/pase3/week3/wedding-planners/server/router/photography.js": {"path":"/Users/hifzhulramadhan/Documents/HK8/pase3/week3/wedding-planners/server/router/photography.js","statementMap":{"0":{"start":{"line":1,"column":16},"end":{"line":1,"column":34}},"1":{"start":{"line":2,"column":30},"end":{"line":2,"column":76}},"2":{"start":{"line":3,"column":15},"end":{"line":3,"column":31}},"3":{"start":{"line":5,"column":0},"end":{"line":5,"column":59}},"4":{"start":{"line":6,"column":0},"end":{"line":6,"column":61}},"5":{"start":{"line":8,"column":0},"end":{"line":8,"column":24}}},"fnMap":{},"branchMap":{},"s":{"0":6,"1":6,"2":6,"3":6,"4":6,"5":6},"f":{},"b":{},"_coverageSchema":"1a1c01bbd47fc00a2c39e90264f33305004495a9","hash":"8ea19e3d1ffa79bd58ae687eaea66995cdc5a431"}
,"/Users/hifzhulramadhan/Documents/HK8/pase3/week3/wedding-planners/server/router/product.js": {"path":"/Users/hifzhulramadhan/Documents/HK8/pase3/week3/wedding-planners/server/router/product.js","statementMap":{"0":{"start":{"line":1,"column":16},"end":{"line":1,"column":34}},"1":{"start":{"line":2,"column":26},"end":{"line":2,"column":68}},"2":{"start":{"line":3,"column":15},"end":{"line":3,"column":31}},"3":{"start":{"line":5,"column":0},"end":{"line":5,"column":50}},"4":{"start":{"line":6,"column":0},"end":{"line":6,"column":53}},"5":{"start":{"line":8,"column":0},"end":{"line":8,"column":24}}},"fnMap":{},"branchMap":{},"s":{"0":6,"1":6,"2":6,"3":6,"4":6,"5":6},"f":{},"b":{},"_coverageSchema":"1a1c01bbd47fc00a2c39e90264f33305004495a9","hash":"a86c07382d99677478fffd48d924acde00739b0b"}
,"/Users/hifzhulramadhan/Documents/HK8/pase3/week3/wedding-planners/server/router/transaction.js": {"path":"/Users/hifzhulramadhan/Documents/HK8/pase3/week3/wedding-planners/server/router/transaction.js","statementMap":{"0":{"start":{"line":1,"column":16},"end":{"line":1,"column":34}},"1":{"start":{"line":2,"column":30},"end":{"line":2,"column":76}},"2":{"start":{"line":3,"column":15},"end":{"line":3,"column":31}},"3":{"start":{"line":5,"column":0},"end":{"line":5,"column":58}},"4":{"start":{"line":6,"column":0},"end":{"line":6,"column":75}},"5":{"start":{"line":7,"column":0},"end":{"line":7,"column":54}},"6":{"start":{"line":9,"column":0},"end":{"line":9,"column":24}}},"fnMap":{},"branchMap":{},"s":{"0":6,"1":6,"2":6,"3":6,"4":6,"5":6,"6":6},"f":{},"b":{},"_coverageSchema":"1a1c01bbd47fc00a2c39e90264f33305004495a9","hash":"07af874032d3c8821adb0a59c26e5f2e845bee02"}
,"/Users/hifzhulramadhan/Documents/HK8/pase3/week3/wedding-planners/server/router/user.js": {"path":"/Users/hifzhulramadhan/Documents/HK8/pase3/week3/wedding-planners/server/router/user.js","statementMap":{"0":{"start":{"line":1,"column":16},"end":{"line":1,"column":34}},"1":{"start":{"line":2,"column":23},"end":{"line":2,"column":63}},"2":{"start":{"line":3,"column":13},"end":{"line":3,"column":52}},"3":{"start":{"line":4,"column":15},"end":{"line":4,"column":31}},"4":{"start":{"line":7,"column":0},"end":{"line":7,"column":45}},"5":{"start":{"line":8,"column":0},"end":{"line":8,"column":50}},"6":{"start":{"line":9,"column":0},"end":{"line":9,"column":43}},"7":{"start":{"line":11,"column":0},"end":{"line":11,"column":24}}},"fnMap":{},"branchMap":{},"s":{"0":6,"1":6,"2":6,"3":6,"4":6,"5":6,"6":6,"7":6},"f":{},"b":{},"_coverageSchema":"1a1c01bbd47fc00a2c39e90264f33305004495a9","hash":"23f1cfe9285139d460a075191f91d75ed7394de0"}
,"/Users/hifzhulramadhan/Documents/HK8/pase3/week3/wedding-planners/server/router/venue.js": {"path":"/Users/hifzhulramadhan/Documents/HK8/pase3/week3/wedding-planners/server/router/venue.js","statementMap":{"0":{"start":{"line":1,"column":16},"end":{"line":1,"column":34}},"1":{"start":{"line":2,"column":25},"end":{"line":2,"column":66}},"2":{"start":{"line":3,"column":15},"end":{"line":3,"column":31}},"3":{"start":{"line":5,"column":0},"end":{"line":5,"column":40}},"4":{"start":{"line":6,"column":0},"end":{"line":6,"column":46}},"5":{"start":{"line":9,"column":0},"end":{"line":9,"column":24}}},"fnMap":{},"branchMap":{},"s":{"0":6,"1":6,"2":6,"3":6,"4":6,"5":6},"f":{},"b":{},"_coverageSchema":"1a1c01bbd47fc00a2c39e90264f33305004495a9","hash":"8918e24279519a4591a478b5da0694e07ec4f8cd"}
}
