TN:
SF:app.js
FNF:0
FNH:0
DA:1,6
DA:2,6
DA:3,6
DA:6,6
DA:7,6
DA:8,6
DA:9,6
DA:10,6
DA:14,6
DA:15,6
DA:16,6
DA:18,6
DA:20,6
DA:26,6
LF:14
LH:14
BRDA:2,0,0,6
BRDA:2,0,1,0
BRF:2
BRH:1
end_of_record
TN:
SF:cotrollers/cartController.js
FN:5,(anonymous_0)
FN:29,(anonymous_1)
FN:60,(anonymous_2)
FN:82,(anonymous_3)
FN:115,(anonymous_4)
FNF:5
FNH:1
FNDA:1,(anonymous_0)
FNDA:0,(anonymous_1)
FNDA:0,(anonymous_2)
FNDA:0,(anonymous_3)
FNDA:0,(anonymous_4)
DA:1,6
DA:6,1
DA:7,1
DA:9,1
DA:10,1
DA:20,1
DA:21,1
DA:26,0
DA:30,0
DA:31,0
DA:32,0
DA:33,0
DA:35,0
DA:40,0
DA:50,0
DA:51,0
DA:56,0
DA:61,0
DA:62,0
DA:63,0
DA:74,0
DA:75,0
DA:78,0
DA:83,0
DA:84,0
DA:85,0
DA:87,0
DA:94,0
DA:95,0
DA:100,0
DA:107,0
DA:111,0
DA:116,0
DA:117,0
DA:118,0
DA:124,0
DA:125,0
DA:130,0
DA:136,0
DA:140,0
DA:145,6
LF:41
LH:8
BRDA:20,0,0,1
BRDA:20,0,1,0
BRDA:50,1,0,0
BRDA:50,1,1,0
BRDA:74,2,0,0
BRDA:74,2,1,0
BRDA:94,3,0,0
BRDA:94,3,1,0
BRDA:124,4,0,0
BRDA:124,4,1,0
BRF:10
BRH:1
end_of_record
TN:
SF:cotrollers/catheringController.js
FN:5,(anonymous_0)
FN:46,(anonymous_1)
FNF:2
FNH:2
FNDA:5,(anonymous_0)
FNDA:3,(anonymous_1)
DA:1,6
DA:2,6
DA:6,5
DA:7,5
DA:9,5
DA:10,5
DA:11,1
DA:17,5
DA:18,1
DA:25,5
DA:26,5
DA:27,2
DA:28,1
DA:29,1
DA:30,1
DA:33,5
DA:38,5
DA:39,5
DA:43,0
DA:47,3
DA:48,3
DA:49,3
DA:51,2
DA:52,1
DA:56,1
DA:59,2
DA:64,6
LF:27
LH:26
BRDA:10,0,0,1
BRDA:10,0,1,4
BRDA:17,1,0,1
BRDA:17,1,1,4
BRDA:26,2,0,2
BRDA:26,2,1,3
BRDA:27,3,0,1
BRDA:27,3,1,1
BRDA:29,4,0,1
BRDA:29,4,1,0
BRDA:38,5,0,5
BRDA:38,5,1,0
BRDA:51,6,0,1
BRDA:51,6,1,1
BRF:14
BRH:12
end_of_record
TN:
SF:cotrollers/photographyController.js
FN:5,(anonymous_0)
FN:48,(anonymous_1)
FNF:2
FNH:2
FNDA:5,(anonymous_0)
FNDA:3,(anonymous_1)
DA:1,6
DA:2,6
DA:6,5
DA:7,5
DA:9,5
DA:10,5
DA:11,1
DA:17,5
DA:18,1
DA:25,5
DA:26,5
DA:27,2
DA:28,1
DA:29,1
DA:30,1
DA:34,5
DA:40,5
DA:41,5
DA:45,0
DA:49,3
DA:50,3
DA:51,3
DA:53,2
DA:54,1
DA:59,1
DA:62,2
DA:67,6
LF:27
LH:26
BRDA:10,0,0,1
BRDA:10,0,1,4
BRDA:17,1,0,1
BRDA:17,1,1,4
BRDA:26,2,0,2
BRDA:26,2,1,3
BRDA:27,3,0,1
BRDA:27,3,1,1
BRDA:29,4,0,1
BRDA:29,4,1,0
BRDA:40,5,0,5
BRDA:40,5,1,0
BRDA:53,6,0,1
BRDA:53,6,1,1
BRF:14
BRH:12
end_of_record
TN:
SF:cotrollers/productController.js
FN:3,(anonymous_0)
FN:22,(anonymous_1)
FNF:2
FNH:2
FNDA:1,(anonymous_0)
FNDA:3,(anonymous_1)
DA:1,6
DA:4,1
DA:5,1
DA:14,1
DA:15,1
DA:19,0
DA:23,3
DA:24,3
DA:25,3
DA:33,2
DA:34,1
DA:38,1
DA:41,2
DA:46,6
LF:14
LH:13
BRDA:14,0,0,1
BRDA:14,0,1,0
BRDA:33,1,0,1
BRDA:33,1,1,1
BRF:4
BRH:3
end_of_record
TN:
SF:cotrollers/transactionController.js
FN:12,(anonymous_0)
FN:30,(anonymous_1)
FN:43,(anonymous_2)
FN:53,(anonymous_3)
FN:79,(anonymous_4)
FNF:5
FNH:0
FNDA:0,(anonymous_0)
FNDA:0,(anonymous_1)
FNDA:0,(anonymous_2)
FNDA:0,(anonymous_3)
FNDA:0,(anonymous_4)
DA:1,6
DA:2,6
DA:3,6
DA:7,6
DA:8,6
DA:13,0
DA:14,0
DA:15,0
DA:19,0
DA:20,0
DA:24,0
DA:27,0
DA:31,0
DA:32,0
DA:34,0
DA:36,0
DA:40,0
DA:45,0
DA:54,0
DA:55,0
DA:56,0
DA:57,0
DA:64,0
DA:66,0
DA:68,0
DA:75,0
DA:80,0
DA:81,0
DA:82,0
DA:88,0
DA:93,6
LF:31
LH:6
BRDA:19,0,0,0
BRDA:19,0,1,0
BRF:2
BRH:0
end_of_record
TN:
SF:cotrollers/userControllers.js
FN:5,(anonymous_0)
FN:23,(anonymous_1)
FN:45,(anonymous_2)
FNF:3
FNH:3
FNDA:8,(anonymous_0)
FNDA:5,(anonymous_1)
FNDA:1,(anonymous_2)
DA:1,6
DA:2,6
DA:3,6
DA:6,8
DA:7,8
DA:8,8
DA:15,1
DA:20,7
DA:24,5
DA:25,5
DA:26,5
DA:27,3
DA:28,3
DA:29,1
DA:30,0
DA:31,1
DA:36,1
DA:42,4
DA:46,1
DA:47,1
DA:49,1
DA:57,1
DA:59,0
DA:63,6
LF:24
LH:22
BRDA:26,0,0,2
BRDA:26,0,1,3
BRDA:26,1,0,5
BRDA:26,1,1,4
BRDA:28,2,0,2
BRDA:28,2,1,1
BRDA:29,3,0,0
BRDA:29,3,1,1
BRF:8
BRH:7
end_of_record
TN:
SF:cotrollers/venueControllers.js
FN:6,(anonymous_0)
FN:55,(anonymous_1)
FNF:2
FNH:2
FNDA:6,(anonymous_0)
FNDA:3,(anonymous_1)
DA:1,6
DA:2,6
DA:7,6
DA:8,6
DA:10,6
DA:11,6
DA:12,1
DA:18,6
DA:19,1
DA:24,6
DA:25,1
DA:32,6
DA:33,6
DA:34,2
DA:35,1
DA:36,1
DA:37,1
DA:41,6
DA:46,6
DA:47,6
DA:51,0
DA:56,3
DA:57,3
DA:59,3
DA:61,2
DA:62,1
DA:67,1
DA:69,2
DA:74,6
LF:29
LH:28
BRDA:11,0,0,1
BRDA:11,0,1,5
BRDA:18,1,0,1
BRDA:18,1,1,5
BRDA:24,2,0,1
BRDA:24,2,1,5
BRDA:33,3,0,2
BRDA:33,3,1,4
BRDA:34,4,0,1
BRDA:34,4,1,1
BRDA:36,5,0,1
BRDA:36,5,1,0
BRDA:46,6,0,6
BRDA:46,6,1,0
BRDA:61,7,0,1
BRDA:61,7,1,1
BRF:16
BRH:14
end_of_record
TN:
SF:helpers/bcrypt.js
FN:3,(anonymous_0)
FN:8,(anonymous_1)
FNF:2
FNH:2
FNDA:3,(anonymous_0)
FNDA:1,(anonymous_1)
DA:1,6
DA:3,6
DA:4,3
DA:5,3
DA:8,6
DA:9,1
DA:11,6
LF:7
LH:7
BRF:0
BRH:0
end_of_record
TN:
SF:helpers/jwt.js
FN:4,(anonymous_0)
FN:8,(anonymous_1)
FNF:2
FNH:2
FNDA:1,(anonymous_0)
FNDA:4,(anonymous_1)
DA:1,6
DA:2,6
DA:4,6
DA:5,1
DA:8,6
DA:9,4
DA:11,6
LF:7
LH:7
BRDA:2,0,0,6
BRDA:2,0,1,6
BRF:2
BRH:2
end_of_record
TN:
SF:lib/createDataTest.js
FN:5,(anonymous_0)
FN:12,(anonymous_1)
FN:16,(anonymous_2)
FN:20,(anonymous_3)
FN:24,(anonymous_4)
FN:29,(anonymous_5)
FN:33,(anonymous_6)
FN:37,(anonymous_7)
FN:41,(anonymous_8)
FN:45,(anonymous_9)
FNF:10
FNH:10
FNDA:10,(anonymous_0)
FNDA:105,(anonymous_1)
FNDA:50,(anonymous_2)
FNDA:25,(anonymous_3)
FNDA:100,(anonymous_4)
FNDA:1,(anonymous_5)
FNDA:3,(anonymous_6)
FNDA:3,(anonymous_7)
FNDA:3,(anonymous_8)
FNDA:2,(anonymous_9)
DA:2,5
DA:4,5
DA:5,10
DA:11,5
DA:12,5
DA:13,105
DA:15,5
DA:16,5
DA:17,50
DA:19,5
DA:20,5
DA:21,25
DA:23,5
DA:24,5
DA:25,100
DA:29,5
DA:30,1
DA:33,5
DA:34,3
DA:37,5
DA:38,3
DA:41,5
DA:42,3
DA:45,5
DA:46,2
DA:50,5
LF:26
LH:26
BRF:0
BRH:0
end_of_record
TN:
SF:lib/deleteDataTest.js
FN:3,(anonymous_0)
FN:8,(anonymous_1)
FN:13,(anonymous_2)
FN:18,(anonymous_3)
FN:23,(anonymous_4)
FN:28,(anonymous_5)
FN:33,(anonymous_6)
FNF:7
FNH:5
FNDA:2,(anonymous_0)
FNDA:3,(anonymous_1)
FNDA:2,(anonymous_2)
FNDA:3,(anonymous_3)
FNDA:3,(anonymous_4)
FNDA:0,(anonymous_5)
FNDA:0,(anonymous_6)
DA:1,6
DA:3,6
DA:4,2
DA:8,6
DA:9,3
DA:13,6
DA:14,2
DA:18,6
DA:19,3
DA:23,6
DA:24,3
DA:28,6
DA:29,0
DA:33,6
DA:34,0
DA:40,6
LF:16
LH:14
BRF:0
BRH:0
end_of_record
TN:
SF:middleware/authentication.js
FN:5,(anonymous_0)
FNF:1
FNH:1
FNDA:5,(anonymous_0)
DA:1,6
DA:2,6
DA:5,6
DA:6,5
DA:7,5
DA:9,5
DA:10,1
DA:15,4
DA:17,3
DA:18,3
DA:19,1
DA:24,2
DA:26,2
DA:28,3
DA:32,6
LF:15
LH:15
BRDA:9,0,0,1
BRDA:9,0,1,4
BRDA:18,1,0,1
BRDA:18,1,1,2
BRF:4
BRH:4
end_of_record
TN:
SF:middleware/errorHandling.js
FN:1,(anonymous_0)
FN:5,(anonymous_1)
FN:19,(anonymous_2)
FNF:3
FNH:3
FNDA:22,(anonymous_0)
FNDA:7,(anonymous_1)
FNDA:2,(anonymous_2)
DA:1,6
DA:2,22
DA:3,22
DA:5,5
DA:6,7
DA:8,5
DA:9,2
DA:11,3
DA:13,5
DA:16,5
DA:19,2
DA:20,2
DA:22,2
DA:23,0
DA:25,2
DA:27,2
DA:30,2
DA:32,4
DA:35,4
DA:37,2
DA:40,2
DA:42,1
DA:45,1
DA:47,1
DA:50,1
DA:52,1
DA:55,1
DA:57,1
DA:60,1
DA:62,0
DA:65,0
DA:67,0
DA:70,0
DA:72,1
DA:75,1
DA:77,4
DA:80,4
DA:84,6
LF:38
LH:33
BRDA:3,0,0,5
BRDA:3,0,1,2
BRDA:3,0,2,4
BRDA:3,0,3,2
BRDA:3,0,4,1
BRDA:3,0,5,1
BRDA:3,0,6,1
BRDA:3,0,7,1
BRDA:3,0,8,0
BRDA:3,0,9,0
BRDA:3,0,10,1
BRDA:3,0,11,4
BRDA:8,1,0,2
BRDA:8,1,1,3
BRDA:22,2,0,0
BRDA:22,2,1,2
BRF:16
BRH:13
end_of_record
TN:
SF:models/cart.js
FN:5,(anonymous_0)
FN:7,(anonymous_1)
FN:26,(anonymous_2)
FNF:3
FNH:2
FNDA:6,(anonymous_0)
FNDA:6,(anonymous_1)
FNDA:0,(anonymous_2)
DA:4,6
DA:5,6
DA:8,6
DA:9,6
DA:10,6
DA:11,6
DA:14,6
DA:26,6
DA:27,0
DA:29,6
LF:10
LH:9
BRF:0
BRH:0
end_of_record
TN:
SF:models/cathering.js
FN:5,(anonymous_0)
FN:8,(anonymous_1)
FNF:2
FNH:2
FNDA:6,(anonymous_0)
FNDA:6,(anonymous_1)
DA:4,6
DA:5,6
DA:9,6
DA:10,6
DA:13,6
DA:22,6
LF:6
LH:6
BRF:0
BRH:0
end_of_record
TN:
SF:models/index.js
FN:21,(anonymous_0)
FN:29,(anonymous_1)
FN:34,(anonymous_2)
FNF:3
FNH:3
FNDA:48,(anonymous_0)
FNDA:42,(anonymous_1)
FNDA:42,(anonymous_2)
DA:3,6
DA:4,6
DA:5,6
DA:6,6
DA:7,6
DA:8,6
DA:9,6
DA:10,6
DA:13,6
DA:14,0
DA:16,6
DA:19,6
DA:22,48
DA:30,42
DA:31,42
DA:34,6
DA:35,42
DA:36,42
DA:40,6
DA:41,6
DA:43,6
LF:21
LH:20
BRDA:8,0,0,6
BRDA:8,0,1,0
BRDA:13,1,0,0
BRDA:13,1,1,6
BRDA:23,2,0,48
BRDA:23,2,1,48
BRDA:23,2,2,42
BRDA:23,2,3,42
BRDA:35,3,0,42
BRDA:35,3,1,0
BRF:10
BRH:7
end_of_record
TN:
SF:models/photography.js
FN:5,(anonymous_0)
FN:8,(anonymous_1)
FNF:2
FNH:2
FNDA:6,(anonymous_0)
FNDA:6,(anonymous_1)
DA:4,6
DA:5,6
DA:9,6
DA:10,6
DA:13,6
DA:22,6
LF:6
LH:6
BRF:0
BRH:0
end_of_record
TN:
SF:models/product.js
FN:5,(anonymous_0)
FN:7,(anonymous_1)
FNF:2
FNH:2
FNDA:6,(anonymous_0)
FNDA:6,(anonymous_1)
DA:4,6
DA:5,6
DA:8,6
DA:9,6
DA:10,6
DA:14,6
DA:27,6
LF:7
LH:7
BRF:0
BRH:0
end_of_record
TN:
SF:models/transaction.js
FN:5,(anonymous_0)
FN:8,(anonymous_1)
FN:22,(anonymous_2)
FNF:3
FNH:2
FNDA:6,(anonymous_0)
FNDA:6,(anonymous_1)
FNDA:0,(anonymous_2)
DA:4,6
DA:5,6
DA:9,6
DA:12,6
DA:22,6
DA:23,0
DA:25,6
LF:7
LH:6
BRF:0
BRH:0
end_of_record
TN:
SF:models/user.js
FN:4,(anonymous_0)
FN:6,(anonymous_1)
FN:62,(anonymous_2)
FNF:3
FNH:3
FNDA:6,(anonymous_0)
FNDA:6,(anonymous_1)
FNDA:3,(anonymous_2)
DA:2,6
DA:3,6
DA:4,6
DA:7,6
DA:8,6
DA:11,6
DA:62,6
DA:63,3
DA:64,3
DA:66,6
LF:10
LH:10
BRF:0
BRH:0
end_of_record
TN:
SF:models/venue.js
FN:5,(anonymous_0)
FN:8,(anonymous_1)
FNF:2
FNH:2
FNDA:6,(anonymous_0)
FNDA:6,(anonymous_1)
DA:4,6
DA:5,6
DA:9,6
DA:10,6
DA:13,6
DA:26,6
LF:6
LH:6
BRF:0
BRH:0
end_of_record
TN:
SF:router/cart.js
FNF:0
FNH:0
DA:1,6
DA:2,6
DA:3,6
DA:5,6
DA:6,6
DA:7,6
DA:8,6
DA:9,6
DA:11,6
LF:9
LH:9
BRF:0
BRH:0
end_of_record
TN:
SF:router/cathering.js
FNF:0
FNH:0
DA:1,6
DA:2,6
DA:3,6
DA:5,6
DA:6,6
DA:7,6
LF:6
LH:6
BRF:0
BRH:0
end_of_record
TN:
SF:router/index.js
FNF:0
FNH:0
DA:1,6
DA:2,6
DA:4,6
DA:5,6
DA:6,6
DA:7,6
DA:8,6
DA:9,6
DA:10,6
DA:11,6
DA:13,6
DA:14,6
DA:15,6
DA:16,6
DA:17,6
DA:18,6
DA:19,6
DA:20,6
DA:22,6
LF:19
LH:19
BRF:0
BRH:0
end_of_record
TN:
SF:router/photography.js
FNF:0
FNH:0
DA:1,6
DA:2,6
DA:3,6
DA:5,6
DA:6,6
DA:8,6
LF:6
LH:6
BRF:0
BRH:0
end_of_record
TN:
SF:router/product.js
FNF:0
FNH:0
DA:1,6
DA:2,6
DA:3,6
DA:5,6
DA:6,6
DA:8,6
LF:6
LH:6
BRF:0
BRH:0
end_of_record
TN:
SF:router/transaction.js
FNF:0
FNH:0
DA:1,6
DA:2,6
DA:3,6
DA:5,6
DA:6,6
DA:7,6
DA:9,6
LF:7
LH:7
BRF:0
BRH:0
end_of_record
TN:
SF:router/user.js
FNF:0
FNH:0
DA:1,6
DA:2,6
DA:3,6
DA:4,6
DA:7,6
DA:8,6
DA:9,6
DA:11,6
LF:8
LH:8
BRF:0
BRH:0
end_of_record
TN:
SF:router/venue.js
FNF:0
FNH:0
DA:1,6
DA:2,6
DA:3,6
DA:5,6
DA:6,6
DA:9,6
LF:6
LH:6
BRF:0
BRH:0
end_of_record
